{"/home/travis/build/npmtest/node-npmtest-is_js/test.js":{"path":"/home/travis/build/npmtest/node-npmtest-is_js/test.js","s":{"1":2,"2":2,"3":2,"4":2,"5":2,"6":2,"7":2,"8":1,"9":2,"10":2,"11":1,"12":1,"13":1,"14":1,"15":2,"16":2,"17":2,"18":2,"19":1,"20":1,"21":2,"22":2,"23":2,"24":1,"25":1,"26":1,"27":1,"28":1,"29":1,"30":1,"31":1,"32":1,"33":1,"34":1,"35":1,"36":1,"37":1,"38":1,"39":2,"40":2,"41":1,"42":2,"43":2,"44":1,"45":2,"46":2,"47":1,"48":2,"49":2,"50":1,"51":1,"52":1,"53":1,"54":1},"b":{"1":[2,1,1,1],"2":[1,1,1,1],"3":[1,1],"4":[1,1],"5":[1,1],"6":[1,1],"7":[1,1],"8":[1,1],"9":[1,1],"10":[1,1,1],"11":[1,1],"12":[1,1],"13":[1,1],"14":[1,1],"15":[1,1],"16":[1,1],"17":[1,1]},"f":{"1":2,"2":2,"3":2,"4":2,"5":2,"6":1,"7":1,"8":1,"9":2,"10":2,"11":2,"12":2,"13":1},"fnMap":{"1":{"name":"(anonymous_1)","line":12,"loc":{"start":{"line":12,"column":1},"end":{"line":12,"column":13}}},"2":{"name":"(anonymous_2)","line":19,"loc":{"start":{"line":19,"column":5},"end":{"line":19,"column":17}}},"3":{"name":"(anonymous_3)","line":23,"loc":{"start":{"line":23,"column":24},"end":{"line":23,"column":36}}},"4":{"name":"(anonymous_4)","line":61,"loc":{"start":{"line":61,"column":5},"end":{"line":61,"column":17}}},"5":{"name":"(anonymous_5)","line":82,"loc":{"start":{"line":82,"column":5},"end":{"line":82,"column":17}}},"6":{"name":"(anonymous_6)","line":91,"loc":{"start":{"line":91,"column":77},"end":{"line":94,"column":10}}},"7":{"name":"(anonymous_7)","line":112,"loc":{"start":{"line":112,"column":83},"end":{"line":115,"column":10}},"skip":true},"8":{"name":"(anonymous_8)","line":123,"loc":{"start":{"line":123,"column":77},"end":{"line":126,"column":10}},"skip":true},"9":{"name":"(anonymous_9)","line":139,"loc":{"start":{"line":139,"column":12},"end":{"line":139,"column":40}},"skip":true},"10":{"name":"(anonymous_10)","line":147,"loc":{"start":{"line":147,"column":77},"end":{"line":150,"column":10}},"skip":true},"11":{"name":"(anonymous_11)","line":158,"loc":{"start":{"line":158,"column":83},"end":{"line":161,"column":10}},"skip":true},"12":{"name":"(anonymous_12)","line":169,"loc":{"start":{"line":169,"column":79},"end":{"line":172,"column":10}},"skip":true},"13":{"name":"(anonymous_13)","line":180,"loc":{"start":{"line":180,"column":75},"end":{"line":183,"column":10}},"skip":true}},"statementMap":{"1":{"start":{"line":12,"column":0},"end":{"line":195,"column":5}},"2":{"start":{"line":14,"column":4},"end":{"line":14,"column":14}},"3":{"start":{"line":19,"column":4},"end":{"line":56,"column":9}},"4":{"start":{"line":21,"column":8},"end":{"line":21,"column":19}},"5":{"start":{"line":23,"column":8},"end":{"line":35,"column":13}},"6":{"start":{"line":24,"column":12},"end":{"line":34,"column":13}},"7":{"start":{"line":25,"column":16},"end":{"line":28,"column":30}},"8":{"start":{"line":30,"column":16},"end":{"line":33,"column":27}},"9":{"start":{"line":37,"column":8},"end":{"line":39,"column":21}},"10":{"start":{"line":40,"column":8},"end":{"line":53,"column":9}},"11":{"start":{"line":43,"column":12},"end":{"line":46,"column":14}},"12":{"start":{"line":47,"column":12},"end":{"line":47,"column":18}},"13":{"start":{"line":50,"column":12},"end":{"line":51,"column":33}},"14":{"start":{"line":52,"column":12},"end":{"line":52,"column":18}},"15":{"start":{"line":55,"column":8},"end":{"line":55,"column":35}},"16":{"start":{"line":61,"column":4},"end":{"line":63,"column":9}},"17":{"start":{"line":62,"column":8},"end":{"line":62,"column":15}},"18":{"start":{"line":64,"column":4},"end":{"line":77,"column":5}},"19":{"start":{"line":70,"column":8},"end":{"line":70,"column":14}},"20":{"start":{"line":76,"column":8},"end":{"line":76,"column":14}},"21":{"start":{"line":82,"column":4},"end":{"line":84,"column":9}},"22":{"start":{"line":83,"column":8},"end":{"line":83,"column":15}},"23":{"start":{"line":85,"column":4},"end":{"line":194,"column":5}},"24":{"start":{"line":91,"column":8},"end":{"line":99,"column":10}},"25":{"start":{"line":98,"column":12},"end":{"line":98,"column":35}},"26":{"start":{"line":102,"column":8},"end":{"line":104,"column":63}},"27":{"start":{"line":105,"column":8},"end":{"line":105,"column":14}},"28":{"start":{"line":112,"column":8},"end":{"line":121,"column":10},"skip":true},"29":{"start":{"line":119,"column":12},"end":{"line":119,"column":55},"skip":true},"30":{"start":{"line":120,"column":12},"end":{"line":120,"column":48},"skip":true},"31":{"start":{"line":123,"column":8},"end":{"line":136,"column":10},"skip":true},"32":{"start":{"line":130,"column":12},"end":{"line":130,"column":76},"skip":true},"33":{"start":{"line":131,"column":12},"end":{"line":131,"column":73},"skip":true},"34":{"start":{"line":132,"column":12},"end":{"line":132,"column":74},"skip":true},"35":{"start":{"line":133,"column":12},"end":{"line":133,"column":79},"skip":true},"36":{"start":{"line":134,"column":12},"end":{"line":134,"column":25},"skip":true},"37":{"start":{"line":135,"column":12},"end":{"line":135,"column":45},"skip":true},"38":{"start":{"line":138,"column":8},"end":{"line":145,"column":14},"skip":true},"39":{"start":{"line":143,"column":16},"end":{"line":143,"column":29},"skip":true},"40":{"start":{"line":144,"column":16},"end":{"line":144,"column":55},"skip":true},"41":{"start":{"line":147,"column":8},"end":{"line":156,"column":10},"skip":true},"42":{"start":{"line":154,"column":12},"end":{"line":154,"column":25},"skip":true},"43":{"start":{"line":155,"column":12},"end":{"line":155,"column":45},"skip":true},"44":{"start":{"line":158,"column":8},"end":{"line":167,"column":10},"skip":true},"45":{"start":{"line":165,"column":12},"end":{"line":165,"column":25},"skip":true},"46":{"start":{"line":166,"column":12},"end":{"line":166,"column":48},"skip":true},"47":{"start":{"line":169,"column":8},"end":{"line":178,"column":10},"skip":true},"48":{"start":{"line":176,"column":12},"end":{"line":176,"column":25},"skip":true},"49":{"start":{"line":177,"column":12},"end":{"line":177,"column":46},"skip":true},"50":{"start":{"line":180,"column":8},"end":{"line":189,"column":10},"skip":true},"51":{"start":{"line":187,"column":12},"end":{"line":187,"column":94},"skip":true},"52":{"start":{"line":188,"column":12},"end":{"line":188,"column":48},"skip":true},"53":{"start":{"line":192,"column":8},"end":{"line":192,"column":35},"skip":true},"54":{"start":{"line":193,"column":8},"end":{"line":193,"column":14},"skip":true}},"branchMap":{"1":{"line":25,"type":"binary-expr","locations":[{"start":{"line":25,"column":23},"end":{"line":25,"column":62}},{"start":{"line":26,"column":20},"end":{"line":26,"column":70}},{"start":{"line":27,"column":20},"end":{"line":27,"column":71}},{"start":{"line":28,"column":20},"end":{"line":28,"column":29}}]},"2":{"line":30,"type":"binary-expr","locations":[{"start":{"line":30,"column":23},"end":{"line":30,"column":37}},{"start":{"line":31,"column":20},"end":{"line":31,"column":61}},{"start":{"line":32,"column":20},"end":{"line":32,"column":70}},{"start":{"line":33,"column":20},"end":{"line":33,"column":26}}]},"3":{"line":37,"type":"cond-expr","locations":[{"start":{"line":38,"column":14},"end":{"line":38,"column":20}},{"start":{"line":39,"column":14},"end":{"line":39,"column":20}}]},"4":{"line":40,"type":"switch","locations":[{"start":{"line":42,"column":8},"end":{"line":47,"column":18}},{"start":{"line":49,"column":8},"end":{"line":52,"column":18}}]},"5":{"line":44,"type":"binary-expr","locations":[{"start":{"line":44,"column":16},"end":{"line":44,"column":44}},{"start":{"line":44,"column":48},"end":{"line":44,"column":66}}]},"6":{"line":50,"type":"binary-expr","locations":[{"start":{"line":50,"column":21},"end":{"line":50,"column":49}},{"start":{"line":50,"column":53},"end":{"line":50,"column":72}}]},"7":{"line":64,"type":"switch","locations":[{"start":{"line":69,"column":4},"end":{"line":70,"column":14}},{"start":{"line":75,"column":4},"end":{"line":76,"column":14}}]},"8":{"line":85,"type":"switch","locations":[{"start":{"line":90,"column":4},"end":{"line":105,"column":14}},{"start":{"line":111,"column":4},"end":{"line":193,"column":14},"skip":true}]},"9":{"line":91,"type":"binary-expr","locations":[{"start":{"line":91,"column":42},"end":{"line":91,"column":73}},{"start":{"line":91,"column":77},"end":{"line":99,"column":9}}]},"10":{"line":102,"type":"binary-expr","locations":[{"start":{"line":102,"column":18},"end":{"line":102,"column":32}},{"start":{"line":103,"column":12},"end":{"line":103,"column":53}},{"start":{"line":104,"column":12},"end":{"line":104,"column":61}}]},"11":{"line":112,"type":"binary-expr","locations":[{"start":{"line":112,"column":45},"end":{"line":112,"column":79},"skip":true},{"start":{"line":112,"column":83},"end":{"line":121,"column":9},"skip":true}]},"12":{"line":123,"type":"binary-expr","locations":[{"start":{"line":123,"column":42},"end":{"line":123,"column":73},"skip":true},{"start":{"line":123,"column":77},"end":{"line":136,"column":9},"skip":true}]},"13":{"line":138,"type":"binary-expr","locations":[{"start":{"line":138,"column":48},"end":{"line":138,"column":85},"skip":true},{"start":{"line":139,"column":12},"end":{"line":145,"column":13},"skip":true}]},"14":{"line":147,"type":"binary-expr","locations":[{"start":{"line":147,"column":42},"end":{"line":147,"column":73},"skip":true},{"start":{"line":147,"column":77},"end":{"line":156,"column":9},"skip":true}]},"15":{"line":158,"type":"binary-expr","locations":[{"start":{"line":158,"column":45},"end":{"line":158,"column":79},"skip":true},{"start":{"line":158,"column":83},"end":{"line":167,"column":9},"skip":true}]},"16":{"line":169,"type":"binary-expr","locations":[{"start":{"line":169,"column":43},"end":{"line":169,"column":75},"skip":true},{"start":{"line":169,"column":79},"end":{"line":178,"column":9},"skip":true}]},"17":{"line":180,"type":"binary-expr","locations":[{"start":{"line":180,"column":41},"end":{"line":180,"column":71},"skip":true},{"start":{"line":180,"column":75},"end":{"line":189,"column":9},"skip":true}]}},"code":["/* istanbul instrument in package npmtest_is_js */","/*jslint","    bitwise: true,","    browser: true,","    maxerr: 8,","    maxlen: 96,","    node: true,","    nomen: true,","    regexp: true,","    stupid: true","*/","(function () {","    'use strict';","    var local;","","","","    // run shared js-env code - pre-init","    (function () {","        // init local","        local = {};","        // init modeJs","        local.modeJs = (function () {","            try {","                return typeof navigator.userAgent === 'string' &&","                    typeof document.querySelector('body') === 'object' &&","                    typeof XMLHttpRequest.prototype.open === 'function' &&","                    'browser';","            } catch (errorCaughtBrowser) {","                return module.exports &&","                    typeof process.versions.node === 'string' &&","                    typeof require('http').createServer === 'function' &&","                    'node';","            }","        }());","        // init global","        local.global = local.modeJs === 'browser'","            ? window","            : global;","        switch (local.modeJs) {","        // re-init local from window.local","        case 'browser':","            local = local.global.utility2.objectSetDefault(","                local.global.utility2_rollup || local.global.local,","                local.global.utility2","            );","            break;","        // re-init local from example.js","        case 'node':","            local = (local.global.utility2_rollup || require('utility2'))","                .requireReadme();","            break;","        }","        // export local","        local.global.local = local;","    }());","","","","    // run shared js-env code - function","    (function () {","        return;","    }());","    switch (local.modeJs) {","","","","    // run browser js-env code - function","    case 'browser':","        break;","","","","    // run node js-env code - function","    case 'node':","        break;","    }","","","","    // run shared js-env code - post-init","    (function () {","        return;","    }());","    switch (local.modeJs) {","","","","    // run browser js-env code - post-init","    case 'browser':","        local.testCase_browser_nullCase = local.testCase_browser_nullCase || function (","            options,","            onError","        ) {","        /*","         * this function will test browsers's null-case handling-behavior-behavior","         */","            onError(null, options);","        };","","        // run tests","        local.nop(local.modeTest &&","            document.querySelector('#testRunButton1') &&","            document.querySelector('#testRunButton1').click());","        break;","","","","    // run node js-env code - post-init","    /* istanbul ignore next */","    case 'node':","        local.testCase_buildApidoc_default = local.testCase_buildApidoc_default || function (","            options,","            onError","        ) {","        /*","         * this function will test buildApidoc's default handling-behavior-behavior","         */","            options = { modulePathList: module.paths };","            local.buildApidoc(options, onError);","        };","","        local.testCase_buildApp_default = local.testCase_buildApp_default || function (","            options,","            onError","        ) {","        /*","         * this function will test buildApp's default handling-behavior-behavior","         */","            local.testCase_buildReadme_default(options, local.onErrorThrow);","            local.testCase_buildLib_default(options, local.onErrorThrow);","            local.testCase_buildTest_default(options, local.onErrorThrow);","            local.testCase_buildCustomOrg_default(options, local.onErrorThrow);","            options = [];","            local.buildApp(options, onError);","        };","","        local.testCase_buildCustomOrg_default = local.testCase_buildCustomOrg_default ||","            function (options, onError) {","            /*","             * this function will test buildCustomOrg's default handling-behavior","             */","                options = {};","                local.buildCustomOrg(options, onError);","            };","","        local.testCase_buildLib_default = local.testCase_buildLib_default || function (","            options,","            onError","        ) {","        /*","         * this function will test buildLib's default handling-behavior","         */","            options = {};","            local.buildLib(options, onError);","        };","","        local.testCase_buildReadme_default = local.testCase_buildReadme_default || function (","            options,","            onError","        ) {","        /*","         * this function will test buildReadme's default handling-behavior-behavior","         */","            options = {};","            local.buildReadme(options, onError);","        };","","        local.testCase_buildTest_default = local.testCase_buildTest_default || function (","            options,","            onError","        ) {","        /*","         * this function will test buildTest's default handling-behavior","         */","            options = {};","            local.buildTest(options, onError);","        };","","        local.testCase_webpage_default = local.testCase_webpage_default || function (","            options,","            onError","        ) {","        /*","         * this function will test webpage's default handling-behavior","         */","            options = { modeCoverageMerge: true, url: local.serverLocalHost + '?modeTest=1' };","            local.browserTest(options, onError);","        };","","        // run test-server","        local.testRunServer(local);","        break;","    }","}());",""],"l":{"12":2,"14":2,"19":2,"21":2,"23":2,"24":2,"25":2,"30":1,"37":2,"40":2,"43":1,"47":1,"50":1,"52":1,"55":2,"61":2,"62":2,"64":2,"70":1,"76":1,"82":2,"83":2,"85":2,"91":1,"98":1,"102":1,"105":1,"112":1,"119":1,"120":1,"123":1,"130":1,"131":1,"132":1,"133":1,"134":1,"135":1,"138":1,"143":2,"144":2,"147":1,"154":2,"155":2,"158":1,"165":2,"166":2,"169":1,"176":2,"177":2,"180":1,"187":1,"188":1,"192":1,"193":1}},"/home/travis/build/npmtest/node-npmtest-is_js/lib.npmtest_is_js.js":{"path":"/home/travis/build/npmtest/node-npmtest-is_js/lib.npmtest_is_js.js","s":{"1":2,"2":2,"3":2,"4":2,"5":2,"6":2,"7":2,"8":1,"9":2,"10":2,"11":2,"12":2,"13":1,"14":1,"15":1,"16":1},"b":{"1":[2,1,1,1],"2":[1,1,1,1],"3":[1,1],"4":[2,2],"5":[1,1]},"f":{"1":2,"2":2,"3":2},"fnMap":{"1":{"name":"(anonymous_1)","line":12,"loc":{"start":{"line":12,"column":1},"end":{"line":12,"column":13}}},"2":{"name":"(anonymous_2)","line":19,"loc":{"start":{"line":19,"column":5},"end":{"line":19,"column":17}}},"3":{"name":"(anonymous_3)","line":23,"loc":{"start":{"line":23,"column":24},"end":{"line":23,"column":36}}}},"statementMap":{"1":{"start":{"line":12,"column":0},"end":{"line":53,"column":5}},"2":{"start":{"line":14,"column":4},"end":{"line":14,"column":14}},"3":{"start":{"line":19,"column":4},"end":{"line":52,"column":9}},"4":{"start":{"line":21,"column":8},"end":{"line":21,"column":19}},"5":{"start":{"line":23,"column":8},"end":{"line":35,"column":13}},"6":{"start":{"line":24,"column":12},"end":{"line":34,"column":13}},"7":{"start":{"line":25,"column":16},"end":{"line":28,"column":30}},"8":{"start":{"line":30,"column":16},"end":{"line":33,"column":27}},"9":{"start":{"line":37,"column":8},"end":{"line":39,"column":21}},"10":{"start":{"line":41,"column":8},"end":{"line":41,"column":54}},"11":{"start":{"line":43,"column":8},"end":{"line":43,"column":50}},"12":{"start":{"line":45,"column":8},"end":{"line":51,"column":9}},"13":{"start":{"line":46,"column":12},"end":{"line":46,"column":56}},"14":{"start":{"line":48,"column":12},"end":{"line":48,"column":35}},"15":{"start":{"line":49,"column":12},"end":{"line":49,"column":49}},"16":{"start":{"line":50,"column":12},"end":{"line":50,"column":43}}},"branchMap":{"1":{"line":25,"type":"binary-expr","locations":[{"start":{"line":25,"column":23},"end":{"line":25,"column":62}},{"start":{"line":26,"column":20},"end":{"line":26,"column":70}},{"start":{"line":27,"column":20},"end":{"line":27,"column":71}},{"start":{"line":28,"column":20},"end":{"line":28,"column":29}}]},"2":{"line":30,"type":"binary-expr","locations":[{"start":{"line":30,"column":23},"end":{"line":30,"column":37}},{"start":{"line":31,"column":20},"end":{"line":31,"column":61}},{"start":{"line":32,"column":20},"end":{"line":32,"column":70}},{"start":{"line":33,"column":20},"end":{"line":33,"column":26}}]},"3":{"line":37,"type":"cond-expr","locations":[{"start":{"line":38,"column":14},"end":{"line":38,"column":20}},{"start":{"line":39,"column":14},"end":{"line":39,"column":20}}]},"4":{"line":41,"type":"binary-expr","locations":[{"start":{"line":41,"column":16},"end":{"line":41,"column":44}},{"start":{"line":41,"column":48},"end":{"line":41,"column":53}}]},"5":{"line":45,"type":"if","locations":[{"start":{"line":45,"column":8},"end":{"line":45,"column":8}},{"start":{"line":45,"column":8},"end":{"line":45,"column":8}}]}},"code":["/* istanbul instrument in package npmtest_is_js */","/*jslint","    bitwise: true,","    browser: true,","    maxerr: 8,","    maxlen: 96,","    node: true,","    nomen: true,","    regexp: true,","    stupid: true","*/","(function () {","    'use strict';","    var local;","","","","    // run shared js-env code - pre-init","    (function () {","        // init local","        local = {};","        // init modeJs","        local.modeJs = (function () {","            try {","                return typeof navigator.userAgent === 'string' &&","                    typeof document.querySelector('body') === 'object' &&","                    typeof XMLHttpRequest.prototype.open === 'function' &&","                    'browser';","            } catch (errorCaughtBrowser) {","                return module.exports &&","                    typeof process.versions.node === 'string' &&","                    typeof require('http').createServer === 'function' &&","                    'node';","            }","        }());","        // init global","        local.global = local.modeJs === 'browser'","            ? window","            : global;","        // init utility2_rollup","        local = local.global.utility2_rollup || local;","        // init lib","        local.local = local.npmtest_is_js = local;","        // init exports","        if (local.modeJs === 'browser') {","            local.global.utility2_npmtest_is_js = local;","        } else {","            module.exports = local;","            module.exports.__dirname = __dirname;","            module.exports.module = module;","        }","    }());","}());",""],"l":{"12":2,"14":2,"19":2,"21":2,"23":2,"24":2,"25":2,"30":1,"37":2,"41":2,"43":2,"45":2,"46":1,"48":1,"49":1,"50":1}},"/home/travis/build/npmtest/node-npmtest-is_js/example.js":{"path":"/home/travis/build/npmtest/node-npmtest-is_js/example.js","s":{"1":2,"2":2,"3":2,"4":2,"5":2,"6":2,"7":2,"8":1,"9":2,"10":2,"11":2,"12":2,"13":1,"14":2,"15":2,"16":2,"17":2,"18":2,"19":0,"20":2,"21":1,"22":1,"23":1,"24":1,"25":1,"26":0,"27":0,"28":1,"29":1,"30":2,"31":0,"32":0,"33":0,"34":1,"35":2,"36":2,"37":3,"38":3,"39":3,"40":3,"41":0,"42":3,"43":3,"44":3,"45":1,"46":3,"47":1,"48":1,"49":1,"50":1,"51":1,"52":1,"53":1,"54":1,"55":1,"56":1,"57":0,"58":1,"59":6,"60":6,"61":1,"62":2,"63":0,"64":2,"65":1,"66":1,"67":0,"68":0,"69":0,"70":0,"71":0,"72":0,"73":0,"74":0,"75":0,"76":0,"77":0,"78":0,"79":0,"80":0,"81":0,"82":0,"83":0},"b":{"1":[2,1,1,1],"2":[1,1,1,1],"3":[1,1],"4":[2,2],"5":[1,1],"6":[1,1],"7":[2,0],"8":[2,1,1,1,1,1],"9":[0,2,0],"10":[1,1],"11":[2,1,1],"12":[1,0],"13":[0,2],"14":[2,0,0,0,0,0,0],"15":[0,3],"16":[3,0],"17":[1,1],"18":[0,1],"19":[1,2,0,2],"20":[1,0],"21":[1,1],"22":[0,0],"23":[0,0],"24":[0,0],"25":[0,0],"26":[0,0],"27":[0,0],"28":[0,0]},"f":{"1":2,"2":2,"3":2,"4":2,"5":2,"6":2,"7":3,"8":3,"9":3,"10":1,"11":6,"12":0},"fnMap":{"1":{"name":"(anonymous_1)","line":26,"loc":{"start":{"line":26,"column":1},"end":{"line":26,"column":13}}},"2":{"name":"(anonymous_2)","line":33,"loc":{"start":{"line":33,"column":5},"end":{"line":33,"column":17}}},"3":{"name":"(anonymous_3)","line":37,"loc":{"start":{"line":37,"column":24},"end":{"line":37,"column":36}}},"4":{"name":"(anonymous_4)","line":69,"loc":{"start":{"line":69,"column":31},"end":{"line":69,"column":48}},"skip":true},"5":{"name":"(anonymous_5)","line":78,"loc":{"start":{"line":78,"column":26},"end":{"line":78,"column":45}},"skip":true},"6":{"name":"(anonymous_6)","line":123,"loc":{"start":{"line":123,"column":33},"end":{"line":123,"column":48}},"skip":true},"7":{"name":"(anonymous_7)","line":125,"loc":{"start":{"line":125,"column":27},"end":{"line":125,"column":39}},"skip":true},"8":{"name":"(anonymous_8)","line":133,"loc":{"start":{"line":133,"column":59},"end":{"line":133,"column":74}},"skip":true},"9":{"name":"(anonymous_9)","line":143,"loc":{"start":{"line":143,"column":45},"end":{"line":143,"column":62}},"skip":true},"10":{"name":"(anonymous_10)","line":144,"loc":{"start":{"line":144,"column":73},"end":{"line":144,"column":92}},"skip":true},"11":{"name":"(anonymous_11)","line":272,"loc":{"start":{"line":272,"column":51},"end":{"line":272,"column":77}},"skip":true},"12":{"name":"(anonymous_12)","line":315,"loc":{"start":{"line":315,"column":32},"end":{"line":315,"column":61}},"skip":true}},"statementMap":{"1":{"start":{"line":26,"column":0},"end":{"line":326,"column":5}},"2":{"start":{"line":28,"column":4},"end":{"line":28,"column":14}},"3":{"start":{"line":33,"column":4},"end":{"line":60,"column":9}},"4":{"start":{"line":35,"column":8},"end":{"line":35,"column":19}},"5":{"start":{"line":37,"column":8},"end":{"line":49,"column":13}},"6":{"start":{"line":38,"column":12},"end":{"line":48,"column":13}},"7":{"start":{"line":39,"column":16},"end":{"line":42,"column":30}},"8":{"start":{"line":44,"column":16},"end":{"line":47,"column":27}},"9":{"start":{"line":51,"column":8},"end":{"line":53,"column":21}},"10":{"start":{"line":55,"column":8},"end":{"line":57,"column":45}},"11":{"start":{"line":59,"column":8},"end":{"line":59,"column":35}},"12":{"start":{"line":61,"column":4},"end":{"line":325,"column":5}},"13":{"start":{"line":69,"column":8},"end":{"line":121,"column":10},"skip":true},"14":{"start":{"line":70,"column":12},"end":{"line":88,"column":13},"skip":true},"15":{"start":{"line":76,"column":16},"end":{"line":87,"column":19},"skip":true},"16":{"start":{"line":79,"column":20},"end":{"line":86,"column":21},"skip":true},"17":{"start":{"line":82,"column":24},"end":{"line":82,"column":43},"skip":true},"18":{"start":{"line":83,"column":24},"end":{"line":83,"column":30},"skip":true},"19":{"start":{"line":85,"column":24},"end":{"line":85,"column":49},"skip":true},"20":{"start":{"line":89,"column":12},"end":{"line":107,"column":13},"skip":true},"21":{"start":{"line":92,"column":16},"end":{"line":102,"column":17},"skip":true},"22":{"start":{"line":93,"column":20},"end":{"line":93,"column":86},"skip":true},"23":{"start":{"line":94,"column":20},"end":{"line":95,"column":45},"skip":true},"24":{"start":{"line":96,"column":20},"end":{"line":96,"column":42},"skip":true},"25":{"start":{"line":97,"column":20},"end":{"line":97,"column":48},"skip":true},"26":{"start":{"line":100,"column":20},"end":{"line":100,"column":85},"skip":true},"27":{"start":{"line":101,"column":20},"end":{"line":101,"column":96},"skip":true},"28":{"start":{"line":103,"column":16},"end":{"line":103,"column":22},"skip":true},"29":{"start":{"line":106,"column":16},"end":{"line":106,"column":22},"skip":true},"30":{"start":{"line":108,"column":12},"end":{"line":120,"column":13},"skip":true},"31":{"start":{"line":114,"column":16},"end":{"line":119,"column":17},"skip":true},"32":{"start":{"line":116,"column":20},"end":{"line":116,"column":78},"skip":true},"33":{"start":{"line":118,"column":20},"end":{"line":118,"column":47},"skip":true},"34":{"start":{"line":123,"column":8},"end":{"line":141,"column":11},"skip":true},"35":{"start":{"line":124,"column":12},"end":{"line":124,"column":54},"skip":true},"36":{"start":{"line":125,"column":12},"end":{"line":140,"column":14},"skip":true},"37":{"start":{"line":126,"column":16},"end":{"line":126,"column":28},"skip":true},"38":{"start":{"line":127,"column":16},"end":{"line":127,"column":69},"skip":true},"39":{"start":{"line":128,"column":16},"end":{"line":128,"column":75},"skip":true},"40":{"start":{"line":129,"column":16},"end":{"line":131,"column":17},"skip":true},"41":{"start":{"line":130,"column":20},"end":{"line":130,"column":27},"skip":true},"42":{"start":{"line":133,"column":16},"end":{"line":137,"column":36},"skip":true},"43":{"start":{"line":134,"column":20},"end":{"line":136,"column":55},"skip":true},"44":{"start":{"line":139,"column":16},"end":{"line":139,"column":57},"skip":true},"45":{"start":{"line":143,"column":8},"end":{"line":147,"column":11},"skip":true},"46":{"start":{"line":144,"column":12},"end":{"line":146,"column":15},"skip":true},"47":{"start":{"line":145,"column":16},"end":{"line":145,"column":70},"skip":true},"48":{"start":{"line":149,"column":8},"end":{"line":149,"column":31},"skip":true},"49":{"start":{"line":150,"column":8},"end":{"line":150,"column":14},"skip":true},"50":{"start":{"line":158,"column":8},"end":{"line":158,"column":31},"skip":true},"51":{"start":{"line":160,"column":8},"end":{"line":160,"column":33},"skip":true},"52":{"start":{"line":161,"column":8},"end":{"line":161,"column":37},"skip":true},"53":{"start":{"line":162,"column":8},"end":{"line":162,"column":35},"skip":true},"54":{"start":{"line":164,"column":8},"end":{"line":164,"column":50},"skip":true},"55":{"start":{"line":166,"column":8},"end":{"line":256,"column":2},"skip":true},"56":{"start":{"line":258,"column":8},"end":{"line":286,"column":9},"skip":true},"57":{"start":{"line":259,"column":12},"end":{"line":269,"column":14},"skip":true},"58":{"start":{"line":271,"column":12},"end":{"line":285,"column":19},"skip":true},"59":{"start":{"line":274,"column":20},"end":{"line":274,"column":35},"skip":true},"60":{"start":{"line":275,"column":20},"end":{"line":284,"column":21},"skip":true},"61":{"start":{"line":277,"column":24},"end":{"line":277,"column":64},"skip":true},"62":{"start":{"line":279,"column":24},"end":{"line":279,"column":40},"skip":true},"63":{"start":{"line":281,"column":24},"end":{"line":281,"column":40},"skip":true},"64":{"start":{"line":283,"column":24},"end":{"line":283,"column":39},"skip":true},"65":{"start":{"line":288,"column":8},"end":{"line":290,"column":9},"skip":true},"66":{"start":{"line":289,"column":12},"end":{"line":289,"column":18},"skip":true},"67":{"start":{"line":291,"column":8},"end":{"line":293,"column":54},"skip":true},"68":{"start":{"line":296,"column":8},"end":{"line":301,"column":37},"skip":true},"69":{"start":{"line":303,"column":8},"end":{"line":303,"column":82},"skip":true},"70":{"start":{"line":306,"column":8},"end":{"line":308,"column":9},"skip":true},"71":{"start":{"line":307,"column":12},"end":{"line":307,"column":82},"skip":true},"72":{"start":{"line":310,"column":8},"end":{"line":312,"column":9},"skip":true},"73":{"start":{"line":311,"column":12},"end":{"line":311,"column":18},"skip":true},"74":{"start":{"line":313,"column":8},"end":{"line":313,"column":54},"skip":true},"75":{"start":{"line":314,"column":8},"end":{"line":314,"column":69},"skip":true},"76":{"start":{"line":315,"column":8},"end":{"line":323,"column":36},"skip":true},"77":{"start":{"line":316,"column":12},"end":{"line":316,"column":61},"skip":true},"78":{"start":{"line":317,"column":12},"end":{"line":320,"column":13},"skip":true},"79":{"start":{"line":318,"column":16},"end":{"line":318,"column":75},"skip":true},"80":{"start":{"line":319,"column":16},"end":{"line":319,"column":23},"skip":true},"81":{"start":{"line":321,"column":12},"end":{"line":321,"column":38},"skip":true},"82":{"start":{"line":322,"column":12},"end":{"line":322,"column":27},"skip":true},"83":{"start":{"line":324,"column":8},"end":{"line":324,"column":14},"skip":true}},"branchMap":{"1":{"line":39,"type":"binary-expr","locations":[{"start":{"line":39,"column":23},"end":{"line":39,"column":62}},{"start":{"line":40,"column":20},"end":{"line":40,"column":70}},{"start":{"line":41,"column":20},"end":{"line":41,"column":71}},{"start":{"line":42,"column":20},"end":{"line":42,"column":29}}]},"2":{"line":44,"type":"binary-expr","locations":[{"start":{"line":44,"column":23},"end":{"line":44,"column":37}},{"start":{"line":45,"column":20},"end":{"line":45,"column":61}},{"start":{"line":46,"column":20},"end":{"line":46,"column":70}},{"start":{"line":47,"column":20},"end":{"line":47,"column":26}}]},"3":{"line":51,"type":"cond-expr","locations":[{"start":{"line":52,"column":14},"end":{"line":52,"column":20}},{"start":{"line":53,"column":14},"end":{"line":53,"column":20}}]},"4":{"line":55,"type":"binary-expr","locations":[{"start":{"line":55,"column":16},"end":{"line":55,"column":44}},{"start":{"line":55,"column":49},"end":{"line":57,"column":43}}]},"5":{"line":55,"type":"cond-expr","locations":[{"start":{"line":56,"column":14},"end":{"line":56,"column":49}},{"start":{"line":57,"column":14},"end":{"line":57,"column":43}}]},"6":{"line":61,"type":"switch","locations":[{"start":{"line":68,"column":4},"end":{"line":150,"column":14},"skip":true},{"start":{"line":156,"column":4},"end":{"line":324,"column":14},"skip":true}]},"7":{"line":70,"type":"if","locations":[{"start":{"line":70,"column":12},"end":{"line":70,"column":12},"skip":true},{"start":{"line":70,"column":12},"end":{"line":70,"column":12},"skip":true}]},"8":{"line":70,"type":"binary-expr","locations":[{"start":{"line":70,"column":16},"end":{"line":70,"column":22},"skip":true},{"start":{"line":70,"column":27},"end":{"line":70,"column":32},"skip":true},{"start":{"line":71,"column":20},"end":{"line":71,"column":39},"skip":true},{"start":{"line":72,"column":20},"end":{"line":72,"column":49},"skip":true},{"start":{"line":73,"column":20},"end":{"line":73,"column":58},"skip":true},{"start":{"line":74,"column":20},"end":{"line":74,"column":69},"skip":true}]},"9":{"line":79,"type":"switch","locations":[{"start":{"line":80,"column":20},"end":{"line":80,"column":33},"skip":true},{"start":{"line":81,"column":20},"end":{"line":83,"column":30},"skip":true},{"start":{"line":84,"column":20},"end":{"line":85,"column":49},"skip":true}]},"10":{"line":89,"type":"switch","locations":[{"start":{"line":90,"column":12},"end":{"line":103,"column":22},"skip":true},{"start":{"line":105,"column":12},"end":{"line":106,"column":22},"skip":true}]},"11":{"line":89,"type":"binary-expr","locations":[{"start":{"line":89,"column":20},"end":{"line":89,"column":25},"skip":true},{"start":{"line":89,"column":29},"end":{"line":89,"column":48},"skip":true},{"start":{"line":89,"column":52},"end":{"line":89,"column":74},"skip":true}]},"12":{"line":92,"type":"if","locations":[{"start":{"line":92,"column":16},"end":{"line":92,"column":16},"skip":true},{"start":{"line":92,"column":16},"end":{"line":92,"column":16},"skip":true}]},"13":{"line":108,"type":"if","locations":[{"start":{"line":108,"column":12},"end":{"line":108,"column":12},"skip":true},{"start":{"line":108,"column":12},"end":{"line":108,"column":12},"skip":true}]},"14":{"line":108,"type":"binary-expr","locations":[{"start":{"line":108,"column":16},"end":{"line":108,"column":61},"skip":true},{"start":{"line":108,"column":66},"end":{"line":108,"column":72},"skip":true},{"start":{"line":108,"column":77},"end":{"line":108,"column":82},"skip":true},{"start":{"line":109,"column":20},"end":{"line":109,"column":39},"skip":true},{"start":{"line":110,"column":20},"end":{"line":110,"column":49},"skip":true},{"start":{"line":111,"column":20},"end":{"line":111,"column":58},"skip":true},{"start":{"line":112,"column":20},"end":{"line":112,"column":68},"skip":true}]},"15":{"line":129,"type":"if","locations":[{"start":{"line":129,"column":16},"end":{"line":129,"column":16},"skip":true},{"start":{"line":129,"column":16},"end":{"line":129,"column":16},"skip":true}]},"16":{"line":134,"type":"cond-expr","locations":[{"start":{"line":135,"column":26},"end":{"line":135,"column":29},"skip":true},{"start":{"line":136,"column":26},"end":{"line":136,"column":54},"skip":true}]},"17":{"line":164,"type":"binary-expr","locations":[{"start":{"line":164,"column":27},"end":{"line":164,"column":43},"skip":true},{"start":{"line":164,"column":47},"end":{"line":164,"column":49},"skip":true}]},"18":{"line":258,"type":"if","locations":[{"start":{"line":258,"column":8},"end":{"line":258,"column":8},"skip":true},{"start":{"line":258,"column":8},"end":{"line":258,"column":8},"skip":true}]},"19":{"line":275,"type":"switch","locations":[{"start":{"line":276,"column":20},"end":{"line":277,"column":64},"skip":true},{"start":{"line":278,"column":20},"end":{"line":279,"column":40},"skip":true},{"start":{"line":280,"column":20},"end":{"line":281,"column":40},"skip":true},{"start":{"line":282,"column":20},"end":{"line":283,"column":39},"skip":true}]},"20":{"line":288,"type":"if","locations":[{"start":{"line":288,"column":8},"end":{"line":288,"column":8},"skip":true},{"start":{"line":288,"column":8},"end":{"line":288,"column":8},"skip":true}]},"21":{"line":288,"type":"binary-expr","locations":[{"start":{"line":288,"column":12},"end":{"line":288,"column":40},"skip":true},{"start":{"line":288,"column":44},"end":{"line":288,"column":67},"skip":true}]},"22":{"line":292,"type":"binary-expr","locations":[{"start":{"line":292,"column":12},"end":{"line":292,"column":50},"skip":true},{"start":{"line":293,"column":12},"end":{"line":293,"column":53},"skip":true}]},"23":{"line":297,"type":"binary-expr","locations":[{"start":{"line":297,"column":12},"end":{"line":297,"column":63},"skip":true},{"start":{"line":298,"column":12},"end":{"line":301,"column":36},"skip":true}]},"24":{"line":303,"type":"binary-expr","locations":[{"start":{"line":303,"column":43},"end":{"line":303,"column":75},"skip":true},{"start":{"line":303,"column":79},"end":{"line":303,"column":81},"skip":true}]},"25":{"line":306,"type":"if","locations":[{"start":{"line":306,"column":8},"end":{"line":306,"column":8},"skip":true},{"start":{"line":306,"column":8},"end":{"line":306,"column":8},"skip":true}]},"26":{"line":310,"type":"if","locations":[{"start":{"line":310,"column":8},"end":{"line":310,"column":8},"skip":true},{"start":{"line":310,"column":8},"end":{"line":310,"column":8},"skip":true}]},"27":{"line":313,"type":"binary-expr","locations":[{"start":{"line":313,"column":27},"end":{"line":313,"column":43},"skip":true},{"start":{"line":313,"column":47},"end":{"line":313,"column":53},"skip":true}]},"28":{"line":317,"type":"if","locations":[{"start":{"line":317,"column":12},"end":{"line":317,"column":12},"skip":true},{"start":{"line":317,"column":12},"end":{"line":317,"column":12},"skip":true}]}},"code":["/*","example.js","","quickstart example","","instruction","    1. save this script as example.js","    2. run the shell command:","        $ npm install npmtest-is_js && PORT=8081 node example.js","    3. play with the browser-demo on http://127.0.0.1:8081","*/","","","","/* istanbul instrument in package npmtest_is_js */","/*jslint","    bitwise: true,","    browser: true,","    maxerr: 8,","    maxlen: 96,","    node: true,","    nomen: true,","    regexp: true,","    stupid: true","*/","(function () {","    'use strict';","    var local;","","","","    // run shared js-env code - pre-init","    (function () {","        // init local","        local = {};","        // init modeJs","        local.modeJs = (function () {","            try {","                return typeof navigator.userAgent === 'string' &&","                    typeof document.querySelector('body') === 'object' &&","                    typeof XMLHttpRequest.prototype.open === 'function' &&","                    'browser';","            } catch (errorCaughtBrowser) {","                return module.exports &&","                    typeof process.versions.node === 'string' &&","                    typeof require('http').createServer === 'function' &&","                    'node';","            }","        }());","        // init global","        local.global = local.modeJs === 'browser'","            ? window","            : global;","        // init utility2_rollup","        local = local.global.utility2_rollup || (local.modeJs === 'browser'","            ? local.global.utility2_npmtest_is_js","            : global.utility2_moduleExports);","        // export local","        local.global.local = local;","    }());","    switch (local.modeJs) {","","","","    // post-init","    // run browser js-env code - post-init","    /* istanbul ignore next */","    case 'browser':","        local.testRunBrowser = function (event) {","            if (!event || (event &&","                    event.currentTarget &&","                    event.currentTarget.className &&","                    event.currentTarget.className.includes &&","                    event.currentTarget.className.includes('onreset'))) {","                // reset output","                Array.from(","                    document.querySelectorAll('body > .resettable')","                ).forEach(function (element) {","                    switch (element.tagName) {","                    case 'INPUT':","                    case 'TEXTAREA':","                        element.value = '';","                        break;","                    default:","                        element.textContent = '';","                    }","                });","            }","            switch (event && event.currentTarget && event.currentTarget.id) {","            case 'testRunButton1':","                // show tests","                if (document.querySelector('#testReportDiv1').style.display === 'none') {","                    document.querySelector('#testReportDiv1').style.display = 'block';","                    document.querySelector('#testRunButton1').textContent =","                        'hide internal test';","                    local.modeTest = true;","                    local.testRunDefault(local);","                // hide tests","                } else {","                    document.querySelector('#testReportDiv1').style.display = 'none';","                    document.querySelector('#testRunButton1').textContent = 'run internal test';","                }","                break;","            // custom-case","            default:","                break;","            }","            if (document.querySelector('#inputTextareaEval1') && (!event || (event &&","                    event.currentTarget &&","                    event.currentTarget.className &&","                    event.currentTarget.className.includes &&","                    event.currentTarget.className.includes('oneval')))) {","                // try to eval input-code","                try {","                    /*jslint evil: true*/","                    eval(document.querySelector('#inputTextareaEval1').value);","                } catch (errorCaught) {","                    console.error(errorCaught);","                }","            }","        };","        // log stderr and stdout to #outputTextareaStdout1","        ['error', 'log'].forEach(function (key) {","            console[key + '_original'] = console[key];","            console[key] = function () {","                var element;","                console[key + '_original'].apply(console, arguments);","                element = document.querySelector('#outputTextareaStdout1');","                if (!element) {","                    return;","                }","                // append text to #outputTextareaStdout1","                element.value += Array.from(arguments).map(function (arg) {","                    return typeof arg === 'string'","                        ? arg","                        : JSON.stringify(arg, null, 4);","                }).join(' ') + '\\n';","                // scroll textarea to bottom","                element.scrollTop = element.scrollHeight;","            };","        });","        // init event-handling","        ['change', 'click', 'keyup'].forEach(function (event) {","            Array.from(document.querySelectorAll('.on' + event)).forEach(function (element) {","                element.addEventListener(event, local.testRunBrowser);","            });","        });","        // run tests","        local.testRunBrowser();","        break;","","","","    // run node js-env code - post-init","    /* istanbul ignore next */","    case 'node':","        // export local","        module.exports = local;","        // require modules","        local.fs = require('fs');","        local.http = require('http');","        local.url = require('url');","        // init assets","        local.assetsDict = local.assetsDict || {};","        /* jslint-ignore-begin */","        local.assetsDict['/assets.index.template.html'] = '\\","<!doctype html>\\n\\","<html lang=\"en\">\\n\\","<head>\\n\\","<meta charset=\"UTF-8\">\\n\\","<meta name=\"viewport\" content=\"width=device-width, initial-scale=1\">\\n\\","<title>{{env.npm_package_name}} (v{{env.npm_package_version}})</title>\\n\\","<style>\\n\\","/*csslint\\n\\","    box-sizing: false,\\n\\","    universal-selector: false\\n\\","*/\\n\\","* {\\n\\","    box-sizing: border-box;\\n\\","}\\n\\","body {\\n\\","    background: #dde;\\n\\","    font-family: Arial, Helvetica, sans-serif;\\n\\","    margin: 2rem;\\n\\","}\\n\\","body > * {\\n\\","    margin-bottom: 1rem;\\n\\","}\\n\\",".utility2FooterDiv {\\n\\","    margin-top: 20px;\\n\\","    text-align: center;\\n\\","}\\n\\","</style>\\n\\","<style>\\n\\","/*csslint\\n\\","*/\\n\\","textarea {\\n\\","    font-family: monospace;\\n\\","    height: 10rem;\\n\\","    width: 100%;\\n\\","}\\n\\","textarea[readonly] {\\n\\","    background: #ddd;\\n\\","}\\n\\","</style>\\n\\","</head>\\n\\","<body>\\n\\","<!-- utility2-comment\\n\\","<div id=\"ajaxProgressDiv1\" style=\"background: #d00; height: 2px; left: 0; margin: 0; padding: 0; position: fixed; top: 0; transition: background 0.5s, width 1.5s; width: 25%;\"></div>\\n\\","utility2-comment -->\\n\\","<h1>\\n\\","<!-- utility2-comment\\n\\","    <a\\n\\","        {{#if env.npm_package_homepage}}\\n\\","        href=\"{{env.npm_package_homepage}}\"\\n\\","        {{/if env.npm_package_homepage}}\\n\\","        target=\"_blank\"\\n\\","    >\\n\\","utility2-comment -->\\n\\","        {{env.npm_package_name}} (v{{env.npm_package_version}})\\n\\","<!-- utility2-comment\\n\\","    </a>\\n\\","utility2-comment -->\\n\\","</h1>\\n\\","<h3>{{env.npm_package_description}}</h3>\\n\\","<!-- utility2-comment\\n\\","<h4><a download href=\"assets.app.js\">download standalone app</a></h4>\\n\\","<button class=\"onclick onreset\" id=\"testRunButton1\">run internal test</button><br>\\n\\","<div id=\"testReportDiv1\" style=\"display: none;\"></div>\\n\\","utility2-comment -->\\n\\","\\n\\","\\n\\","\\n\\","<label>stderr and stdout</label>\\n\\","<textarea class=\"resettable\" id=\"outputTextareaStdout1\" readonly></textarea>\\n\\","<!-- utility2-comment\\n\\","{{#if isRollup}}\\n\\","<script src=\"assets.app.js\"></script>\\n\\","{{#unless isRollup}}\\n\\","utility2-comment -->\\n\\","<script src=\"assets.utility2.rollup.js\"></script>\\n\\","<script src=\"jsonp.utility2._stateInit?callback=window.utility2._stateInit\"></script>\\n\\","<script src=\"assets.npmtest_is_js.rollup.js\"></script>\\n\\","<script src=\"assets.example.js\"></script>\\n\\","<script src=\"assets.test.js\"></script>\\n\\","<!-- utility2-comment\\n\\","{{/if isRollup}}\\n\\","utility2-comment -->\\n\\","<div class=\"utility2FooterDiv\">\\n\\","    [ this app was created with\\n\\","    <a href=\"https://github.com/kaizhu256/node-utility2\" target=\"_blank\">utility2</a>\\n\\","    ]\\n\\","</div>\\n\\","</body>\\n\\","</html>\\n\\","';","        /* jslint-ignore-end */","        if (local.templateRender) {","            local.assetsDict['/'] = local.templateRender(","                local.assetsDict['/assets.index.template.html'],","                {","                    env: local.objectSetDefault(local.env, {","                        npm_package_description: 'the greatest app in the world!',","                        npm_package_name: 'my-app',","                        npm_package_nameAlias: 'my_app',","                        npm_package_version: '0.0.1'","                    })","                }","            );","        } else {","            local.assetsDict['/'] = local.assetsDict['/assets.index.template.html']","                .replace((/\\{\\{env\\.(\\w+?)\\}\\}/g), function (match0, match1) {","                    // jslint-hack","                    String(match0);","                    switch (match1) {","                    case 'npm_package_description':","                        return 'the greatest app in the world!';","                    case 'npm_package_name':","                        return 'my-app';","                    case 'npm_package_nameAlias':","                        return 'my_app';","                    case 'npm_package_version':","                        return '0.0.1';","                    }","                });","        }","        // run the cli","        if (local.global.utility2_rollup || module !== require.main) {","            break;","        }","        local.assetsDict['/assets.example.js'] =","            local.assetsDict['/assets.example.js'] ||","            local.fs.readFileSync(__filename, 'utf8');","        // bug-workaround - long $npm_package_buildCustomOrg","        /* jslint-ignore-begin */","        local.assetsDict['/assets.npmtest_is_js.rollup.js'] =","            local.assetsDict['/assets.npmtest_is_js.rollup.js'] ||","            local.fs.readFileSync(","                local.npmtest_is_js.__dirname + '/lib.npmtest_is_js.js',","                'utf8'","            ).replace((/^#!/), '//');","        /* jslint-ignore-end */","        local.assetsDict['/favicon.ico'] = local.assetsDict['/favicon.ico'] || '';","        // if $npm_config_timeout_exit exists,","        // then exit this process after $npm_config_timeout_exit ms","        if (Number(process.env.npm_config_timeout_exit)) {","            setTimeout(process.exit, Number(process.env.npm_config_timeout_exit));","        }","        // start server","        if (local.global.utility2_serverHttp1) {","            break;","        }","        process.env.PORT = process.env.PORT || '8081';","        console.error('server starting on port ' + process.env.PORT);","        local.http.createServer(function (request, response) {","            request.urlParsed = local.url.parse(request.url);","            if (local.assetsDict[request.urlParsed.pathname] !== undefined) {","                response.end(local.assetsDict[request.urlParsed.pathname]);","                return;","            }","            response.statusCode = 404;","            response.end();","        }).listen(process.env.PORT);","        break;","    }","}());",""],"l":{"26":2,"28":2,"33":2,"35":2,"37":2,"38":2,"39":2,"44":1,"51":2,"55":2,"59":2,"61":2,"69":1,"70":2,"76":2,"79":2,"82":2,"83":2,"85":1,"89":2,"92":1,"93":1,"94":1,"96":1,"97":1,"100":1,"101":1,"103":1,"106":1,"108":2,"114":1,"116":1,"118":1,"123":1,"124":2,"125":2,"126":3,"127":3,"128":3,"129":3,"130":1,"133":3,"134":3,"139":3,"143":1,"144":3,"145":1,"149":1,"150":1,"158":1,"160":1,"161":1,"162":1,"164":1,"166":1,"258":1,"259":1,"271":1,"274":6,"275":6,"277":1,"279":2,"281":1,"283":2,"288":1,"289":1,"291":1,"296":1,"303":1,"306":1,"307":1,"310":1,"311":1,"313":1,"314":1,"315":1,"316":1,"317":1,"318":1,"319":1,"321":1,"322":1,"324":1}},"/home/travis/build/npmtest/node-npmtest-is_js/node_modules/is_js/is.js":{"path":"/home/travis/build/npmtest/node-npmtest-is_js/node_modules/is_js/is.js","s":{"1":1,"2":1,"3":0,"4":0,"5":1,"6":1,"7":0,"8":1,"9":1,"10":1,"11":1,"12":1,"13":1,"14":1,"15":1,"16":1,"17":113,"18":0,"19":1,"20":68,"21":0,"22":0,"23":0,"24":0,"25":0,"26":0,"27":1,"28":68,"29":0,"30":0,"31":0,"32":0,"33":0,"34":0,"35":1,"36":0,"37":0,"38":0,"39":0,"40":1,"41":0,"42":0,"43":0,"44":0,"45":1,"46":0,"47":0,"48":0,"49":0,"50":0,"51":1,"52":0,"53":1,"54":0,"55":1,"56":0,"57":1,"58":0,"59":1,"60":0,"61":1,"62":0,"63":1,"64":0,"65":1,"66":114,"67":1,"68":0,"69":1,"70":0,"71":1,"72":0,"73":1,"74":0,"75":1,"76":0,"77":1,"78":0,"79":1,"80":0,"81":0,"82":0,"83":0,"84":0,"85":0,"86":1,"87":1,"88":0,"89":1,"90":0,"91":1,"92":3,"93":1,"94":0,"95":0,"96":0,"97":0,"98":0,"99":0,"100":1,"101":0,"102":1,"103":0,"104":1,"105":1,"106":0,"107":1,"108":1,"109":0,"110":1,"111":0,"112":0,"113":0,"114":0,"115":0,"116":0,"117":0,"118":1,"119":1,"120":0,"121":1,"122":0,"123":1,"124":0,"125":1,"126":0,"127":1,"128":0,"129":1,"130":0,"131":1,"132":0,"133":1,"134":0,"135":1,"136":1,"137":0,"138":1,"139":1,"140":1,"141":17,"142":0,"143":1,"144":17,"145":17,"146":1,"147":0,"148":1,"149":0,"150":0,"151":0,"152":0,"153":0,"154":0,"155":0,"156":0,"157":0,"158":0,"159":1,"160":0,"161":0,"162":0,"163":0,"164":0,"165":1,"166":1,"167":0,"168":1,"169":1,"170":0,"171":1,"172":0,"173":0,"174":0,"175":0,"176":0,"177":0,"178":0,"179":0,"180":1,"181":0,"182":0,"183":0,"184":0,"185":1,"186":0,"187":1,"188":1,"189":0,"190":1,"191":1,"192":1,"193":0,"194":1,"195":1,"196":0,"197":0,"198":0,"199":0,"200":1,"201":0,"202":0,"203":1,"204":0,"205":0,"206":0,"207":0,"208":1,"209":1,"210":0,"211":1,"212":0,"213":1,"214":0,"215":1,"216":0,"217":1,"218":0,"219":1,"220":0,"221":1,"222":0,"223":1,"224":0,"225":1,"226":1,"227":0,"228":0,"229":1,"230":0,"231":1,"232":1,"233":0,"234":0,"235":0,"236":1,"237":0,"238":0,"239":0,"240":1,"241":0,"242":1,"243":1,"244":0,"245":1,"246":1,"247":0,"248":0,"249":0,"250":1,"251":1,"252":1,"253":1,"254":1,"255":1,"256":1,"257":1,"258":1,"259":1,"260":1,"261":0,"262":1,"263":1,"264":0,"265":1,"266":1,"267":0,"268":1,"269":1,"270":0,"271":1,"272":1,"273":0,"274":0,"275":1,"276":1,"277":0,"278":1,"279":1,"280":0,"281":0,"282":1,"283":1,"284":0,"285":0,"286":1,"287":1,"288":0,"289":0,"290":1,"291":1,"292":0,"293":1,"294":1,"295":0,"296":0,"297":1,"298":1,"299":0,"300":0,"301":1,"302":1,"303":0,"304":0,"305":1,"306":1,"307":0,"308":1,"309":1,"310":0,"311":1,"312":1,"313":0,"314":1,"315":1,"316":1,"317":1,"318":0,"319":1,"320":1,"321":0,"322":0,"323":1,"324":1,"325":0,"326":0,"327":1,"328":1,"329":0,"330":0,"331":1,"332":1,"333":0,"334":1,"335":1,"336":0,"337":1,"338":1,"339":0,"340":1,"341":1,"342":0,"343":1,"344":1,"345":0,"346":1,"347":1,"348":0,"349":0,"350":0,"351":0,"352":0,"353":0,"354":0,"355":1,"356":1,"357":0,"358":1,"359":1,"360":0,"361":0,"362":0,"363":0,"364":0,"365":0,"366":1,"367":1,"368":0,"369":0,"370":0,"371":0,"372":0,"373":0,"374":0,"375":1,"376":1,"377":1,"378":114,"379":110,"380":110,"381":246,"382":110,"383":246,"384":68,"385":246,"386":68,"387":1,"388":1,"389":0,"390":0,"391":1,"392":0,"393":0,"394":0,"395":1},"b":{"1":[0,1],"2":[1,0],"3":[1,0],"4":[0,0],"5":[0,0],"6":[0,0],"7":[0,0],"8":[0,0],"9":[0,0],"10":[0,0],"11":[0,0,0,0],"12":[1,0],"13":[0,0,0],"14":[0,0],"15":[0,0],"16":[114,4],"17":[0,0],"18":[0,0],"19":[0,0],"20":[0,0],"21":[3,3,2],"22":[0,0],"23":[0,0],"24":[0,0,0,0,0],"25":[0,0],"26":[0,0],"27":[0,0],"28":[0,0],"29":[0,0],"30":[0,0],"31":[0,0],"32":[0,0],"33":[1,0],"34":[0,0],"35":[0,0],"36":[0,0],"37":[0,0],"38":[0,0],"39":[0,0],"40":[0,0],"41":[0,0,0],"42":[17,0],"43":[0,0],"44":[0,0],"45":[0,0],"46":[0,0],"47":[0,0],"48":[0,0],"49":[0,0],"50":[0,0],"51":[0,0],"52":[0,0],"53":[0,0,0],"54":[0,0],"55":[0,0],"56":[0,0],"57":[0,0],"58":[0,0],"59":[0,0,0],"60":[0,0],"61":[0,0,0,0],"62":[0,0],"63":[0,0],"64":[0,0,0],"65":[0,0],"66":[0,0],"67":[0,0,0],"68":[0,0,0],"69":[0,0],"70":[1,1],"71":[1,1],"72":[1,0],"73":[1,0],"74":[1,1],"75":[1,1],"76":[1,0,0,0],"77":[1,0],"78":[1,0],"79":[1,0,1],"80":[1,0,1],"81":[1,0,1],"82":[0,0],"83":[0,0],"84":[0,0],"85":[0,0],"86":[0,0],"87":[0,0],"88":[0,0],"89":[0,0],"90":[0,0],"91":[0,0,0],"92":[0,0],"93":[0,0],"94":[0,0],"95":[0,0],"96":[0,0,0,0,0],"97":[0,0],"98":[0,0],"99":[0,0],"100":[0,0],"101":[0,0,0],"102":[0,0,0,0],"103":[0,0],"104":[0,0,0],"105":[0,0],"106":[0,0],"107":[0,0],"108":[0,0],"109":[0,0,0],"110":[0,0],"111":[0,0],"112":[0,0],"113":[0,0],"114":[0,0],"115":[110,4],"116":[114,114],"117":[110,68],"118":[110,136],"119":[68,178],"120":[68,178],"121":[0,0],"122":[0,0]},"f":{"1":1,"2":0,"3":1,"4":113,"5":0,"6":68,"7":0,"8":68,"9":0,"10":0,"11":0,"12":0,"13":0,"14":0,"15":0,"16":0,"17":0,"18":0,"19":0,"20":0,"21":0,"22":0,"23":114,"24":0,"25":0,"26":0,"27":0,"28":0,"29":0,"30":0,"31":0,"32":0,"33":3,"34":0,"35":0,"36":0,"37":0,"38":0,"39":0,"40":0,"41":0,"42":0,"43":0,"44":0,"45":0,"46":0,"47":0,"48":0,"49":17,"50":0,"51":0,"52":0,"53":0,"54":0,"55":0,"56":0,"57":0,"58":0,"59":0,"60":0,"61":0,"62":0,"63":0,"64":0,"65":0,"66":0,"67":0,"68":0,"69":0,"70":0,"71":0,"72":0,"73":0,"74":0,"75":0,"76":0,"77":0,"78":0,"79":0,"80":0,"81":0,"82":0,"83":0,"84":0,"85":0,"86":0,"87":0,"88":0,"89":0,"90":0,"91":0,"92":0,"93":0,"94":0,"95":0,"96":0,"97":0,"98":0,"99":0,"100":0,"101":0,"102":0,"103":0,"104":0,"105":0,"106":0,"107":0,"108":1,"109":0,"110":0},"fnMap":{"1":{"name":"(anonymous_1)","line":7,"loc":{"start":{"line":7,"column":2},"end":{"line":7,"column":26}}},"2":{"name":"(anonymous_2)","line":10,"loc":{"start":{"line":10,"column":15},"end":{"line":10,"column":26}}},"3":{"name":"(anonymous_3)","line":25,"loc":{"start":{"line":25,"column":8},"end":{"line":25,"column":19}}},"4":{"name":"not","line":45,"loc":{"start":{"line":45,"column":4},"end":{"line":45,"column":23}}},"5":{"name":"(anonymous_5)","line":46,"loc":{"start":{"line":46,"column":15},"end":{"line":46,"column":26}}},"6":{"name":"all","line":52,"loc":{"start":{"line":52,"column":4},"end":{"line":52,"column":23}}},"7":{"name":"(anonymous_7)","line":53,"loc":{"start":{"line":53,"column":15},"end":{"line":53,"column":26}}},"8":{"name":"any","line":66,"loc":{"start":{"line":66,"column":4},"end":{"line":66,"column":23}}},"9":{"name":"(anonymous_9)","line":67,"loc":{"start":{"line":67,"column":15},"end":{"line":67,"column":26}}},"10":{"name":"(anonymous_10)","line":81,"loc":{"start":{"line":81,"column":13},"end":{"line":81,"column":28}}},"11":{"name":"(anonymous_11)","line":82,"loc":{"start":{"line":82,"column":14},"end":{"line":82,"column":29}}},"12":{"name":"(anonymous_12)","line":83,"loc":{"start":{"line":83,"column":13},"end":{"line":83,"column":28}}},"13":{"name":"(anonymous_13)","line":84,"loc":{"start":{"line":84,"column":14},"end":{"line":84,"column":29}}},"14":{"name":"compareVersion","line":88,"loc":{"start":{"line":88,"column":4},"end":{"line":88,"column":44}}},"15":{"name":"getParams","line":96,"loc":{"start":{"line":96,"column":4},"end":{"line":96,"column":29}}},"16":{"name":"(anonymous_16)","line":109,"loc":{"start":{"line":109,"column":19},"end":{"line":109,"column":35}}},"17":{"name":"(anonymous_17)","line":115,"loc":{"start":{"line":115,"column":32},"end":{"line":115,"column":48}}},"18":{"name":"(anonymous_18)","line":120,"loc":{"start":{"line":120,"column":17},"end":{"line":120,"column":33}}},"19":{"name":"(anonymous_19)","line":125,"loc":{"start":{"line":125,"column":14},"end":{"line":125,"column":30}}},"20":{"name":"(anonymous_20)","line":130,"loc":{"start":{"line":130,"column":14},"end":{"line":130,"column":30}}},"21":{"name":"(anonymous_21)","line":135,"loc":{"start":{"line":135,"column":17},"end":{"line":135,"column":34}}},"22":{"name":"(anonymous_22)","line":140,"loc":{"start":{"line":140,"column":15},"end":{"line":140,"column":31}}},"23":{"name":"(anonymous_23)","line":145,"loc":{"start":{"line":145,"column":21},"end":{"line":145,"column":37}}},"24":{"name":"(anonymous_24)","line":150,"loc":{"start":{"line":150,"column":14},"end":{"line":150,"column":30}}},"25":{"name":"(anonymous_25)","line":155,"loc":{"start":{"line":155,"column":13},"end":{"line":155,"column":29}}},"26":{"name":"(anonymous_26)","line":160,"loc":{"start":{"line":160,"column":17},"end":{"line":160,"column":33}}},"27":{"name":"(anonymous_27)","line":165,"loc":{"start":{"line":165,"column":16},"end":{"line":165,"column":32}}},"28":{"name":"(anonymous_28)","line":170,"loc":{"start":{"line":170,"column":16},"end":{"line":170,"column":32}}},"29":{"name":"(anonymous_29)","line":175,"loc":{"start":{"line":175,"column":16},"end":{"line":175,"column":32}}},"30":{"name":"(anonymous_30)","line":181,"loc":{"start":{"line":181,"column":18},"end":{"line":181,"column":41}}},"31":{"name":"(anonymous_31)","line":195,"loc":{"start":{"line":195,"column":16},"end":{"line":195,"column":32}}},"32":{"name":"(anonymous_32)","line":200,"loc":{"start":{"line":200,"column":19},"end":{"line":200,"column":35}}},"33":{"name":"(anonymous_33)","line":206,"loc":{"start":{"line":206,"column":22},"end":{"line":206,"column":38}}},"34":{"name":"(anonymous_34)","line":214,"loc":{"start":{"line":214,"column":15},"end":{"line":214,"column":31}}},"35":{"name":"(anonymous_35)","line":227,"loc":{"start":{"line":227,"column":16},"end":{"line":227,"column":32}}},"36":{"name":"(anonymous_36)","line":232,"loc":{"start":{"line":232,"column":15},"end":{"line":232,"column":31}}},"37":{"name":"(anonymous_37)","line":243,"loc":{"start":{"line":243,"column":15},"end":{"line":243,"column":32}}},"38":{"name":"(anonymous_38)","line":250,"loc":{"start":{"line":250,"column":17},"end":{"line":250,"column":29}}},"39":{"name":"(anonymous_39)","line":256,"loc":{"start":{"line":256,"column":15},"end":{"line":256,"column":38}}},"40":{"name":"(anonymous_40)","line":274,"loc":{"start":{"line":274,"column":14},"end":{"line":274,"column":26}}},"41":{"name":"(anonymous_41)","line":279,"loc":{"start":{"line":279,"column":28},"end":{"line":279,"column":40}}},"42":{"name":"(anonymous_42)","line":284,"loc":{"start":{"line":284,"column":18},"end":{"line":284,"column":30}}},"43":{"name":"(anonymous_43)","line":289,"loc":{"start":{"line":289,"column":17},"end":{"line":289,"column":29}}},"44":{"name":"(anonymous_44)","line":294,"loc":{"start":{"line":294,"column":18},"end":{"line":294,"column":30}}},"45":{"name":"(anonymous_45)","line":299,"loc":{"start":{"line":299,"column":13},"end":{"line":299,"column":25}}},"46":{"name":"(anonymous_46)","line":304,"loc":{"start":{"line":304,"column":18},"end":{"line":304,"column":30}}},"47":{"name":"(anonymous_47)","line":309,"loc":{"start":{"line":309,"column":15},"end":{"line":309,"column":32}}},"48":{"name":"(anonymous_48)","line":316,"loc":{"start":{"line":316,"column":16},"end":{"line":316,"column":38}}},"49":{"name":"regexpCheck","line":351,"loc":{"start":{"line":351,"column":4},"end":{"line":351,"column":42}}},"50":{"name":"(anonymous_50)","line":352,"loc":{"start":{"line":352,"column":21},"end":{"line":352,"column":37}}},"51":{"name":"(anonymous_51)","line":365,"loc":{"start":{"line":365,"column":12},"end":{"line":365,"column":28}}},"52":{"name":"(anonymous_52)","line":373,"loc":{"start":{"line":373,"column":21},"end":{"line":373,"column":38}}},"53":{"name":"(anonymous_53)","line":391,"loc":{"start":{"line":391,"column":17},"end":{"line":391,"column":42}}},"54":{"name":"(anonymous_54)","line":403,"loc":{"start":{"line":403,"column":17},"end":{"line":403,"column":42}}},"55":{"name":"(anonymous_55)","line":410,"loc":{"start":{"line":410,"column":19},"end":{"line":410,"column":36}}},"56":{"name":"(anonymous_56)","line":415,"loc":{"start":{"line":415,"column":20},"end":{"line":415,"column":37}}},"57":{"name":"(anonymous_57)","line":431,"loc":{"start":{"line":431,"column":15},"end":{"line":431,"column":31}}},"58":{"name":"(anonymous_58)","line":440,"loc":{"start":{"line":440,"column":19},"end":{"line":440,"column":44}}},"59":{"name":"(anonymous_59)","line":447,"loc":{"start":{"line":447,"column":19},"end":{"line":447,"column":36}}},"60":{"name":"(anonymous_60)","line":458,"loc":{"start":{"line":458,"column":13},"end":{"line":458,"column":33}}},"61":{"name":"(anonymous_61)","line":465,"loc":{"start":{"line":465,"column":28},"end":{"line":465,"column":43}}},"62":{"name":"(anonymous_62)","line":473,"loc":{"start":{"line":473,"column":16},"end":{"line":473,"column":31}}},"63":{"name":"(anonymous_63)","line":479,"loc":{"start":{"line":479,"column":21},"end":{"line":479,"column":48}}},"64":{"name":"(anonymous_64)","line":490,"loc":{"start":{"line":490,"column":21},"end":{"line":490,"column":36}}},"65":{"name":"(anonymous_65)","line":495,"loc":{"start":{"line":495,"column":20},"end":{"line":495,"column":35}}},"66":{"name":"(anonymous_66)","line":500,"loc":{"start":{"line":500,"column":20},"end":{"line":500,"column":35}}},"67":{"name":"(anonymous_67)","line":505,"loc":{"start":{"line":505,"column":21},"end":{"line":505,"column":36}}},"68":{"name":"(anonymous_68)","line":510,"loc":{"start":{"line":510,"column":20},"end":{"line":510,"column":35}}},"69":{"name":"(anonymous_69)","line":515,"loc":{"start":{"line":515,"column":20},"end":{"line":515,"column":35}}},"70":{"name":"(anonymous_70)","line":520,"loc":{"start":{"line":520,"column":18},"end":{"line":520,"column":33}}},"71":{"name":"(anonymous_71)","line":525,"loc":{"start":{"line":525,"column":15},"end":{"line":525,"column":37}}},"72":{"name":"(anonymous_72)","line":532,"loc":{"start":{"line":532,"column":14},"end":{"line":532,"column":29}}},"73":{"name":"(anonymous_73)","line":538,"loc":{"start":{"line":538,"column":23},"end":{"line":538,"column":47}}},"74":{"name":"(anonymous_74)","line":545,"loc":{"start":{"line":545,"column":15},"end":{"line":545,"column":30}}},"75":{"name":"(anonymous_75)","line":552,"loc":{"start":{"line":552,"column":18},"end":{"line":552,"column":33}}},"76":{"name":"(anonymous_76)","line":560,"loc":{"start":{"line":560,"column":17},"end":{"line":560,"column":32}}},"77":{"name":"(anonymous_77)","line":568,"loc":{"start":{"line":568,"column":14},"end":{"line":568,"column":35}}},"78":{"name":"(anonymous_78)","line":575,"loc":{"start":{"line":575,"column":19},"end":{"line":575,"column":34}}},"79":{"name":"(anonymous_79)","line":599,"loc":{"start":{"line":599,"column":17},"end":{"line":599,"column":28}}},"80":{"name":"(anonymous_80)","line":606,"loc":{"start":{"line":606,"column":22},"end":{"line":606,"column":33}}},"81":{"name":"(anonymous_81)","line":613,"loc":{"start":{"line":613,"column":23},"end":{"line":613,"column":34}}},"82":{"name":"(anonymous_82)","line":620,"loc":{"start":{"line":620,"column":20},"end":{"line":620,"column":31}}},"83":{"name":"(anonymous_83)","line":628,"loc":{"start":{"line":628,"column":16},"end":{"line":628,"column":32}}},"84":{"name":"(anonymous_84)","line":636,"loc":{"start":{"line":636,"column":17},"end":{"line":636,"column":28}}},"85":{"name":"(anonymous_85)","line":644,"loc":{"start":{"line":644,"column":14},"end":{"line":644,"column":30}}},"86":{"name":"(anonymous_86)","line":653,"loc":{"start":{"line":653,"column":17},"end":{"line":653,"column":33}}},"87":{"name":"(anonymous_87)","line":662,"loc":{"start":{"line":662,"column":12},"end":{"line":662,"column":28}}},"88":{"name":"(anonymous_88)","line":670,"loc":{"start":{"line":670,"column":13},"end":{"line":670,"column":24}}},"89":{"name":"(anonymous_89)","line":678,"loc":{"start":{"line":678,"column":14},"end":{"line":678,"column":30}}},"90":{"name":"(anonymous_90)","line":687,"loc":{"start":{"line":687,"column":16},"end":{"line":687,"column":32}}},"91":{"name":"(anonymous_91)","line":697,"loc":{"start":{"line":697,"column":14},"end":{"line":697,"column":30}}},"92":{"name":"(anonymous_92)","line":705,"loc":{"start":{"line":705,"column":15},"end":{"line":705,"column":26}}},"93":{"name":"(anonymous_93)","line":712,"loc":{"start":{"line":712,"column":13},"end":{"line":712,"column":24}}},"94":{"name":"(anonymous_94)","line":719,"loc":{"start":{"line":719,"column":16},"end":{"line":719,"column":27}}},"95":{"name":"(anonymous_95)","line":731,"loc":{"start":{"line":731,"column":16},"end":{"line":731,"column":27}}},"96":{"name":"(anonymous_96)","line":739,"loc":{"start":{"line":739,"column":15},"end":{"line":739,"column":31}}},"97":{"name":"(anonymous_97)","line":748,"loc":{"start":{"line":748,"column":17},"end":{"line":748,"column":33}}},"98":{"name":"(anonymous_98)","line":757,"loc":{"start":{"line":757,"column":16},"end":{"line":757,"column":32}}},"99":{"name":"(anonymous_99)","line":765,"loc":{"start":{"line":765,"column":16},"end":{"line":765,"column":27}}},"100":{"name":"(anonymous_100)","line":772,"loc":{"start":{"line":772,"column":21},"end":{"line":772,"column":32}}},"101":{"name":"(anonymous_101)","line":780,"loc":{"start":{"line":780,"column":17},"end":{"line":780,"column":28}}},"102":{"name":"(anonymous_102)","line":787,"loc":{"start":{"line":787,"column":22},"end":{"line":787,"column":33}}},"103":{"name":"(anonymous_103)","line":794,"loc":{"start":{"line":794,"column":23},"end":{"line":794,"column":34}}},"104":{"name":"(anonymous_104)","line":804,"loc":{"start":{"line":804,"column":23},"end":{"line":804,"column":47}}},"105":{"name":"(anonymous_105)","line":820,"loc":{"start":{"line":820,"column":25},"end":{"line":820,"column":52}}},"106":{"name":"(anonymous_106)","line":830,"loc":{"start":{"line":830,"column":17},"end":{"line":830,"column":40}}},"107":{"name":"(anonymous_107)","line":845,"loc":{"start":{"line":845,"column":16},"end":{"line":845,"column":38}}},"108":{"name":"setInterfaces","line":862,"loc":{"start":{"line":862,"column":4},"end":{"line":862,"column":29}}},"109":{"name":"(anonymous_109)","line":891,"loc":{"start":{"line":891,"column":22},"end":{"line":891,"column":33}}},"110":{"name":"(anonymous_110)","line":897,"loc":{"start":{"line":897,"column":19},"end":{"line":897,"column":42}}}},"statementMap":{"1":{"start":{"line":7,"column":1},"end":{"line":906,"column":4}},"2":{"start":{"line":8,"column":4},"end":{"line":24,"column":5}},"3":{"start":{"line":10,"column":8},"end":{"line":15,"column":11}},"4":{"start":{"line":14,"column":12},"end":{"line":14,"column":41}},"5":{"start":{"line":16,"column":11},"end":{"line":24,"column":5}},"6":{"start":{"line":20,"column":8},"end":{"line":20,"column":35}},"7":{"start":{"line":23,"column":8},"end":{"line":23,"column":28}},"8":{"start":{"line":31,"column":4},"end":{"line":31,"column":16}},"9":{"start":{"line":32,"column":4},"end":{"line":32,"column":25}},"10":{"start":{"line":35,"column":4},"end":{"line":35,"column":16}},"11":{"start":{"line":36,"column":4},"end":{"line":36,"column":16}},"12":{"start":{"line":37,"column":4},"end":{"line":37,"column":16}},"13":{"start":{"line":40,"column":4},"end":{"line":40,"column":45}},"14":{"start":{"line":41,"column":4},"end":{"line":41,"column":38}},"15":{"start":{"line":42,"column":4},"end":{"line":42,"column":57}},"16":{"start":{"line":45,"column":4},"end":{"line":49,"column":5}},"17":{"start":{"line":46,"column":8},"end":{"line":48,"column":10}},"18":{"start":{"line":47,"column":12},"end":{"line":47,"column":60}},"19":{"start":{"line":52,"column":4},"end":{"line":63,"column":5}},"20":{"start":{"line":53,"column":8},"end":{"line":62,"column":10}},"21":{"start":{"line":54,"column":12},"end":{"line":54,"column":46}},"22":{"start":{"line":55,"column":12},"end":{"line":55,"column":39}},"23":{"start":{"line":56,"column":12},"end":{"line":60,"column":13}},"24":{"start":{"line":57,"column":16},"end":{"line":59,"column":17}},"25":{"start":{"line":58,"column":20},"end":{"line":58,"column":33}},"26":{"start":{"line":61,"column":12},"end":{"line":61,"column":24}},"27":{"start":{"line":66,"column":4},"end":{"line":77,"column":5}},"28":{"start":{"line":67,"column":8},"end":{"line":76,"column":10}},"29":{"start":{"line":68,"column":12},"end":{"line":68,"column":46}},"30":{"start":{"line":69,"column":12},"end":{"line":69,"column":39}},"31":{"start":{"line":70,"column":12},"end":{"line":74,"column":13}},"32":{"start":{"line":71,"column":16},"end":{"line":73,"column":17}},"33":{"start":{"line":72,"column":20},"end":{"line":72,"column":32}},"34":{"start":{"line":75,"column":12},"end":{"line":75,"column":25}},"35":{"start":{"line":80,"column":4},"end":{"line":85,"column":5}},"36":{"start":{"line":81,"column":30},"end":{"line":81,"column":43}},"37":{"start":{"line":82,"column":31},"end":{"line":82,"column":45}},"38":{"start":{"line":83,"column":30},"end":{"line":83,"column":43}},"39":{"start":{"line":84,"column":31},"end":{"line":84,"column":45}},"40":{"start":{"line":88,"column":4},"end":{"line":93,"column":5}},"41":{"start":{"line":89,"column":8},"end":{"line":89,"column":34}},"42":{"start":{"line":90,"column":8},"end":{"line":90,"column":46}},"43":{"start":{"line":91,"column":8},"end":{"line":91,"column":45}},"44":{"start":{"line":92,"column":8},"end":{"line":92,"column":87}},"45":{"start":{"line":96,"column":4},"end":{"line":103,"column":5}},"46":{"start":{"line":97,"column":8},"end":{"line":97,"column":38}},"47":{"start":{"line":98,"column":8},"end":{"line":98,"column":35}},"48":{"start":{"line":99,"column":8},"end":{"line":101,"column":9}},"49":{"start":{"line":100,"column":12},"end":{"line":100,"column":31}},"50":{"start":{"line":102,"column":8},"end":{"line":102,"column":22}},"51":{"start":{"line":109,"column":4},"end":{"line":112,"column":6}},"52":{"start":{"line":110,"column":8},"end":{"line":111,"column":78}},"53":{"start":{"line":115,"column":4},"end":{"line":117,"column":6}},"54":{"start":{"line":116,"column":8},"end":{"line":116,"column":57}},"55":{"start":{"line":120,"column":4},"end":{"line":122,"column":6}},"56":{"start":{"line":121,"column":8},"end":{"line":121,"column":96}},"57":{"start":{"line":125,"column":4},"end":{"line":127,"column":6}},"58":{"start":{"line":126,"column":8},"end":{"line":126,"column":54}},"59":{"start":{"line":130,"column":4},"end":{"line":132,"column":6}},"60":{"start":{"line":131,"column":8},"end":{"line":131,"column":56}},"61":{"start":{"line":135,"column":4},"end":{"line":137,"column":6}},"62":{"start":{"line":136,"column":8},"end":{"line":136,"column":56}},"63":{"start":{"line":140,"column":4},"end":{"line":142,"column":6}},"64":{"start":{"line":141,"column":8},"end":{"line":141,"column":57}},"65":{"start":{"line":145,"column":4},"end":{"line":147,"column":6}},"66":{"start":{"line":146,"column":8},"end":{"line":146,"column":91}},"67":{"start":{"line":150,"column":4},"end":{"line":152,"column":6}},"68":{"start":{"line":151,"column":8},"end":{"line":151,"column":58}},"69":{"start":{"line":155,"column":4},"end":{"line":157,"column":6}},"70":{"start":{"line":156,"column":8},"end":{"line":156,"column":31}},"71":{"start":{"line":160,"column":4},"end":{"line":162,"column":6}},"72":{"start":{"line":161,"column":8},"end":{"line":161,"column":30}},"73":{"start":{"line":165,"column":4},"end":{"line":167,"column":6}},"74":{"start":{"line":166,"column":8},"end":{"line":166,"column":79}},"75":{"start":{"line":170,"column":4},"end":{"line":172,"column":6}},"76":{"start":{"line":171,"column":8},"end":{"line":171,"column":39}},"77":{"start":{"line":175,"column":4},"end":{"line":177,"column":6}},"78":{"start":{"line":176,"column":8},"end":{"line":176,"column":58}},"79":{"start":{"line":181,"column":4},"end":{"line":190,"column":6}},"80":{"start":{"line":182,"column":8},"end":{"line":182,"column":39}},"81":{"start":{"line":183,"column":8},"end":{"line":185,"column":9}},"82":{"start":{"line":184,"column":12},"end":{"line":184,"column":25}},"83":{"start":{"line":186,"column":8},"end":{"line":188,"column":9}},"84":{"start":{"line":187,"column":12},"end":{"line":187,"column":73}},"85":{"start":{"line":189,"column":8},"end":{"line":189,"column":20}},"86":{"start":{"line":192,"column":4},"end":{"line":192,"column":30}},"87":{"start":{"line":195,"column":4},"end":{"line":197,"column":6}},"88":{"start":{"line":196,"column":8},"end":{"line":196,"column":58}},"89":{"start":{"line":200,"column":4},"end":{"line":202,"column":6}},"90":{"start":{"line":201,"column":8},"end":{"line":201,"column":32}},"91":{"start":{"line":206,"column":4},"end":{"line":208,"column":6}},"92":{"start":{"line":207,"column":8},"end":{"line":207,"column":84}},"93":{"start":{"line":214,"column":4},"end":{"line":224,"column":6}},"94":{"start":{"line":215,"column":8},"end":{"line":222,"column":9}},"95":{"start":{"line":216,"column":12},"end":{"line":216,"column":66}},"96":{"start":{"line":217,"column":12},"end":{"line":220,"column":13}},"97":{"start":{"line":219,"column":16},"end":{"line":219,"column":28}},"98":{"start":{"line":221,"column":12},"end":{"line":221,"column":25}},"99":{"start":{"line":223,"column":8},"end":{"line":223,"column":28}},"100":{"start":{"line":227,"column":4},"end":{"line":229,"column":6}},"101":{"start":{"line":228,"column":8},"end":{"line":228,"column":29}},"102":{"start":{"line":232,"column":4},"end":{"line":234,"column":6}},"103":{"start":{"line":233,"column":8},"end":{"line":233,"column":22}},"104":{"start":{"line":237,"column":4},"end":{"line":237,"column":30}},"105":{"start":{"line":243,"column":4},"end":{"line":245,"column":6}},"106":{"start":{"line":244,"column":8},"end":{"line":244,"column":48}},"107":{"start":{"line":247,"column":4},"end":{"line":247,"column":27}},"108":{"start":{"line":250,"column":4},"end":{"line":252,"column":6}},"109":{"start":{"line":251,"column":8},"end":{"line":251,"column":43}},"110":{"start":{"line":256,"column":4},"end":{"line":269,"column":6}},"111":{"start":{"line":258,"column":8},"end":{"line":260,"column":9}},"112":{"start":{"line":259,"column":12},"end":{"line":259,"column":62}},"113":{"start":{"line":262,"column":8},"end":{"line":264,"column":9}},"114":{"start":{"line":263,"column":12},"end":{"line":263,"column":45}},"115":{"start":{"line":265,"column":8},"end":{"line":267,"column":9}},"116":{"start":{"line":266,"column":12},"end":{"line":266,"column":35}},"117":{"start":{"line":268,"column":8},"end":{"line":268,"column":21}},"118":{"start":{"line":271,"column":4},"end":{"line":271,"column":27}},"119":{"start":{"line":274,"column":4},"end":{"line":276,"column":6}},"120":{"start":{"line":275,"column":8},"end":{"line":275,"column":43}},"121":{"start":{"line":279,"column":4},"end":{"line":281,"column":6}},"122":{"start":{"line":280,"column":8},"end":{"line":280,"column":51}},"123":{"start":{"line":284,"column":4},"end":{"line":286,"column":6}},"124":{"start":{"line":285,"column":8},"end":{"line":285,"column":49}},"125":{"start":{"line":289,"column":4},"end":{"line":291,"column":6}},"126":{"start":{"line":290,"column":8},"end":{"line":290,"column":43}},"127":{"start":{"line":294,"column":4},"end":{"line":296,"column":6}},"128":{"start":{"line":295,"column":8},"end":{"line":295,"column":37}},"129":{"start":{"line":299,"column":4},"end":{"line":301,"column":6}},"130":{"start":{"line":300,"column":8},"end":{"line":300,"column":43}},"131":{"start":{"line":304,"column":4},"end":{"line":306,"column":6}},"132":{"start":{"line":305,"column":8},"end":{"line":305,"column":37}},"133":{"start":{"line":309,"column":4},"end":{"line":311,"column":6}},"134":{"start":{"line":310,"column":8},"end":{"line":310,"column":48}},"135":{"start":{"line":313,"column":4},"end":{"line":313,"column":27}},"136":{"start":{"line":316,"column":4},"end":{"line":318,"column":6}},"137":{"start":{"line":317,"column":8},"end":{"line":317,"column":64}},"138":{"start":{"line":320,"column":4},"end":{"line":320,"column":28}},"139":{"start":{"line":331,"column":4},"end":{"line":349,"column":6}},"140":{"start":{"line":351,"column":4},"end":{"line":355,"column":5}},"141":{"start":{"line":352,"column":8},"end":{"line":354,"column":10}},"142":{"start":{"line":353,"column":12},"end":{"line":353,"column":47}},"143":{"start":{"line":358,"column":4},"end":{"line":362,"column":5}},"144":{"start":{"line":359,"column":8},"end":{"line":361,"column":9}},"145":{"start":{"line":360,"column":12},"end":{"line":360,"column":41}},"146":{"start":{"line":365,"column":4},"end":{"line":367,"column":6}},"147":{"start":{"line":366,"column":8},"end":{"line":366,"column":48}},"148":{"start":{"line":373,"column":4},"end":{"line":388,"column":6}},"149":{"start":{"line":374,"column":8},"end":{"line":376,"column":9}},"150":{"start":{"line":375,"column":12},"end":{"line":375,"column":25}},"151":{"start":{"line":377,"column":8},"end":{"line":377,"column":38}},"152":{"start":{"line":378,"column":8},"end":{"line":386,"column":9}},"153":{"start":{"line":379,"column":12},"end":{"line":379,"column":32}},"154":{"start":{"line":380,"column":12},"end":{"line":385,"column":13}},"155":{"start":{"line":381,"column":16},"end":{"line":381,"column":41}},"156":{"start":{"line":382,"column":16},"end":{"line":384,"column":17}},"157":{"start":{"line":383,"column":20},"end":{"line":383,"column":33}},"158":{"start":{"line":387,"column":8},"end":{"line":387,"column":20}},"159":{"start":{"line":391,"column":4},"end":{"line":398,"column":6}},"160":{"start":{"line":392,"column":8},"end":{"line":394,"column":9}},"161":{"start":{"line":393,"column":12},"end":{"line":393,"column":25}},"162":{"start":{"line":395,"column":8},"end":{"line":395,"column":21}},"163":{"start":{"line":396,"column":8},"end":{"line":396,"column":53}},"164":{"start":{"line":397,"column":8},"end":{"line":397,"column":78}},"165":{"start":{"line":400,"column":4},"end":{"line":400,"column":29}},"166":{"start":{"line":403,"column":4},"end":{"line":405,"column":6}},"167":{"start":{"line":404,"column":8},"end":{"line":404,"column":43}},"168":{"start":{"line":407,"column":4},"end":{"line":407,"column":29}},"169":{"start":{"line":410,"column":4},"end":{"line":412,"column":6}},"170":{"start":{"line":411,"column":8},"end":{"line":411,"column":68}},"171":{"start":{"line":415,"column":4},"end":{"line":427,"column":6}},"172":{"start":{"line":416,"column":8},"end":{"line":418,"column":9}},"173":{"start":{"line":417,"column":12},"end":{"line":417,"column":25}},"174":{"start":{"line":419,"column":8},"end":{"line":
[...]
etDay()];","    };","    // day method does not support 'all' and 'any' interfaces","    is.day.api = ['not'];","","    // is a given date in daylight saving time?","    is.dayLightSavingTime = function(date) {","        var january = new Date(date.getFullYear(), 0, 1);","        var july = new Date(date.getFullYear(), 6, 1);","        var stdTimezoneOffset = Math.max(january.getTimezoneOffset(), july.getTimezoneOffset());","        return date.getTimezoneOffset() < stdTimezoneOffset;","    };","","    // is a given date future?","    is.future = function(date) {","        var now = new Date();","        return is.date(date) && date.getTime() > now.getTime();","    };","","    // is date within given range?","    is.inDateRange = function(date, start, end) {","        if (is.not.date(date) || is.not.date(start) || is.not.date(end)) {","            return false;","        }","        var stamp = date.getTime();","        return stamp > start.getTime() && stamp < end.getTime();","    };","    // inDateRange method does not support 'all' and 'any' interfaces","    is.inDateRange.api = ['not'];","","    // is a given date in last month range?","    is.inLastMonth = function(date) {","        return is.inDateRange(date, new Date(new Date().setMonth(new Date().getMonth() - 1)), new Date());","    };","","    // is a given date in last week range?","    is.inLastWeek = function(date) {","        return is.inDateRange(date, new Date(new Date().setDate(new Date().getDate() - 7)), new Date());","    };","","    // is a given date in last year range?","    is.inLastYear = function(date) {","        return is.inDateRange(date, new Date(new Date().setFullYear(new Date().getFullYear() - 1)), new Date());","    };","","    // is a given date in next month range?","    is.inNextMonth = function(date) {","        return is.inDateRange(date, new Date(), new Date(new Date().setMonth(new Date().getMonth() + 1)));","    };","","    // is a given date in next week range?","    is.inNextWeek = function(date) {","        return is.inDateRange(date, new Date(), new Date(new Date().setDate(new Date().getDate() + 7)));","    };","","    // is a given date in next year range?","    is.inNextYear = function(date) {","        return is.inDateRange(date, new Date(), new Date(new Date().setFullYear(new Date().getFullYear() + 1)));","    };","","    // is the given year a leap year?","    is.leapYear = function(year) {","        return is.number(year) && ((year % 4 === 0 && year % 100 !== 0) || year % 400 === 0);","    };","","    // is a given dates month equal given month parameter?","    is.month = function(date, month) {","        return is.date(date) && month.toLowerCase() === months[date.getMonth()];","    };","    // month method does not support 'all' and 'any' interfaces","    is.month.api = ['not'];","","    // is a given date past?","    is.past = function(date) {","        var now = new Date();","        return is.date(date) && date.getTime() < now.getTime();","    };","","    // is a given date in the parameter quarter?","    is.quarterOfYear = function(date, quarter) {","        return is.date(date) && is.number(quarter) && quarter === Math.floor((date.getMonth() + 3) / 3);","    };","    // quarterOfYear method does not support 'all' and 'any' interfaces","    is.quarterOfYear.api = ['not'];","","    // is a given date indicate today?","    is.today = function(date) {","        var now = new Date();","        var todayString = now.toDateString();","        return is.date(date) && date.toDateString() === todayString;","    };","","    // is a given date indicate tomorrow?","    is.tomorrow = function(date) {","        var now = new Date();","        var tomorrowString = new Date(now.setDate(now.getDate() + 1)).toDateString();","        return is.date(date) && date.toDateString() === tomorrowString;","    };","","    // is a given date weekend?","    // 6: Saturday, 0: Sunday","    is.weekend = function(date) {","        return is.date(date) && (date.getDay() === 6 || date.getDay() === 0);","    };","","    // is a given date weekday?","    is.weekday = not(is.weekend);","","    // is a given dates year equal given year parameter?","    is.year = function(date, year) {","        return is.date(date) && is.number(year) && year === date.getFullYear();","    };","    // year method does not support 'all' and 'any' interfaces","    is.year.api = ['not'];","","    // is a given date indicate yesterday?","    is.yesterday = function(date) {","        var now = new Date();","        var yesterdayString = new Date(now.setDate(now.getDate() - 1)).toDateString();","        return is.date(date) && date.toDateString() === yesterdayString;","    };","","    // Environment checks","    /* -------------------------------------------------------------------------- */","","    var freeGlobal = is.windowObject(typeof global == 'object' && global) && global;","    var freeSelf = is.windowObject(typeof self == 'object' && self) && self;","    var thisGlobal = is.windowObject(typeof this == 'object' && this) && this;","    var root = freeGlobal || freeSelf || thisGlobal || Function('return this')();","","    var document = freeSelf && freeSelf.document;","    var previousIs = root.is;","","    // store navigator properties to use later","    var navigator = freeSelf && freeSelf.navigator;","    var appVersion = (navigator && navigator.appVersion || '').toLowerCase();","    var userAgent = (navigator && navigator.userAgent || '').toLowerCase();","    var vendor = (navigator && navigator.vendor || '').toLowerCase();","","    // is current device android?","    is.android = function() {","        return /android/.test(userAgent);","    };","    // android method does not support 'all' and 'any' interfaces","    is.android.api = ['not'];","","    // is current device android phone?","    is.androidPhone = function() {","        return /android/.test(userAgent) && /mobile/.test(userAgent);","    };","    // androidPhone method does not support 'all' and 'any' interfaces","    is.androidPhone.api = ['not'];","","    // is current device android tablet?","    is.androidTablet = function() {","        return /android/.test(userAgent) && !/mobile/.test(userAgent);","    };","    // androidTablet method does not support 'all' and 'any' interfaces","    is.androidTablet.api = ['not'];","","    // is current device blackberry?","    is.blackberry = function() {","        return /blackberry/.test(userAgent) || /bb10/.test(userAgent);","    };","    // blackberry method does not support 'all' and 'any' interfaces","    is.blackberry.api = ['not'];","","    // is current browser chrome?","    // parameter is optional","    is.chrome = function(range) {","        var match = /google inc/.test(vendor) ? userAgent.match(/(?:chrome|crios)\\/(\\d+)/) : null;","        return match !== null && compareVersion(match[1], range);","    };","    // chrome method does not support 'all' and 'any' interfaces","    is.chrome.api = ['not'];","","    // is current device desktop?","    is.desktop = function() {","        return is.not.mobile() && is.not.tablet();","    };","    // desktop method does not support 'all' and 'any' interfaces","    is.desktop.api = ['not'];","","    // is current browser edge?","    // parameter is optional","    is.edge = function(range) {","        var match = userAgent.match(/edge\\/(\\d+)/);","        return match !== null && compareVersion(match[1], range);","    };","    // edge method does not support 'all' and 'any' interfaces","    is.edge.api = ['not'];","","    // is current browser firefox?","    // parameter is optional","    is.firefox = function(range) {","        var match = userAgent.match(/(?:firefox|fxios)\\/(\\d+)/);","        return match !== null && compareVersion(match[1], range);","    };","    // firefox method does not support 'all' and 'any' interfaces","    is.firefox.api = ['not'];","","    // is current browser internet explorer?","    // parameter is optional","    is.ie = function(range) {","        var match = userAgent.match(/(?:msie |trident.+?; rv:)(\\d+)/);","        return match !== null && compareVersion(match[1], range);","    };","    // ie method does not support 'all' and 'any' interfaces","    is.ie.api = ['not'];","","    // is current device ios?","    is.ios = function() {","        return is.iphone() || is.ipad() || is.ipod();","    };","    // ios method does not support 'all' and 'any' interfaces","    is.ios.api = ['not'];","","    // is current device ipad?","    // parameter is optional","    is.ipad = function(range) {","        var match = userAgent.match(/ipad.+?os (\\d+)/);","        return match !== null && compareVersion(match[1], range);","    };","    // ipad method does not support 'all' and 'any' interfaces","    is.ipad.api = ['not'];","","    // is current device iphone?","    // parameter is optional","    is.iphone = function(range) {","        // original iPhone doesn't have the os portion of the UA","        var match = userAgent.match(/iphone(?:.+?os (\\d+))?/);","        return match !== null && compareVersion(match[1] || 1, range);","    };","    // iphone method does not support 'all' and 'any' interfaces","    is.iphone.api = ['not'];","","    // is current device ipod?","    // parameter is optional","    is.ipod = function(range) {","        var match = userAgent.match(/ipod.+?os (\\d+)/);","        return match !== null && compareVersion(match[1], range);","    };","    // ipod method does not support 'all' and 'any' interfaces","    is.ipod.api = ['not'];","","    // is current operating system linux?","    is.linux = function() {","        return /linux/.test(appVersion);","    };","    // linux method does not support 'all' and 'any' interfaces","    is.linux.api = ['not'];","","    // is current operating system mac?","    is.mac = function() {","        return /mac/.test(appVersion);","    };","    // mac method does not support 'all' and 'any' interfaces","    is.mac.api = ['not'];","","    // is current device mobile?","    is.mobile = function() {","        return is.iphone() || is.ipod() || is.androidPhone() || is.blackberry() || is.windowsPhone();","    };","    // mobile method does not support 'all' and 'any' interfaces","    is.mobile.api = ['not'];","","    // is current state offline?","    is.offline = not(is.online);","    // offline method does not support 'all' and 'any' interfaces","    is.offline.api = ['not'];","","    // is current state online?","    is.online = function() {","        return !navigator || navigator.onLine === true;","    };","    // online method does not support 'all' and 'any' interfaces","    is.online.api = ['not'];","","    // is current browser opera?","    // parameter is optional","    is.opera = function(range) {","        var match = userAgent.match(/(?:^opera.+?version|opr)\\/(\\d+)/);","        return match !== null && compareVersion(match[1], range);","    };","    // opera method does not support 'all' and 'any' interfaces","    is.opera.api = ['not'];","","    // is current browser phantomjs?","    // parameter is optional","    is.phantom = function(range) {","        var match = userAgent.match(/phantomjs\\/(\\d+)/);","        return match !== null && compareVersion(match[1], range);","    };","    // phantom method does not support 'all' and 'any' interfaces","    is.phantom.api = ['not'];","","    // is current browser safari?","    // parameter is optional","    is.safari = function(range) {","        var match = userAgent.match(/version\\/(\\d+).+?safari/);","        return match !== null && compareVersion(match[1], range);","    };","    // safari method does not support 'all' and 'any' interfaces","    is.safari.api = ['not'];","","    // is current device tablet?","    is.tablet = function() {","        return is.ipad() || is.androidTablet() || is.windowsTablet();","    };","    // tablet method does not support 'all' and 'any' interfaces","    is.tablet.api = ['not'];","","    // is current device supports touch?","    is.touchDevice = function() {","        return !!document && ('ontouchstart' in freeSelf ||","            ('DocumentTouch' in freeSelf && document instanceof DocumentTouch));","    };","    // touchDevice method does not support 'all' and 'any' interfaces","    is.touchDevice.api = ['not'];","","    // is current operating system windows?","    is.windows = function() {","        return /win/.test(appVersion);","    };","    // windows method does not support 'all' and 'any' interfaces","    is.windows.api = ['not'];","","    // is current device windows phone?","    is.windowsPhone = function() {","        return is.windows() && /phone/.test(userAgent);","    };","    // windowsPhone method does not support 'all' and 'any' interfaces","    is.windowsPhone.api = ['not'];","","    // is current device windows tablet?","    is.windowsTablet = function() {","        return is.windows() && is.not.windowsPhone() && /touch/.test(userAgent);","    };","    // windowsTablet method does not support 'all' and 'any' interfaces","    is.windowsTablet.api = ['not'];","","    // Object checks","    /* -------------------------------------------------------------------------- */","","    // has a given object got parameterized count property?","    is.propertyCount = function(object, count) {","        if (is.not.object(object) || is.not.number(count)) {","            return false;","        }","        var n = 0;","        for (var property in object) {","            if (hasOwnProperty.call(object, property) && ++n > count) {","                return false;","            }","        }","        return n === count;","    };","    // propertyCount method does not support 'all' and 'any' interfaces","    is.propertyCount.api = ['not'];","","    // is given object has parameterized property?","    is.propertyDefined = function(object, property) {","        return is.object(object) && is.string(property) && property in object;","    };","    // propertyDefined method does not support 'all' and 'any' interfaces","    is.propertyDefined.api = ['not'];","","    // Array checks","    /* -------------------------------------------------------------------------- */","","    // is a given item in an array?","    is.inArray = function(value, array) {","        if (is.not.array(array)) {","            return false;","        }","        for (var i = 0; i < array.length; i++) {","            if (array[i] === value) {","                return true;","            }","        }","        return false;","    };","    // inArray method does not support 'all' and 'any' interfaces","    is.inArray.api = ['not'];","","    // is a given array sorted?","    is.sorted = function(array, sign) {","        if (is.not.array(array)) {","            return false;","        }","        var predicate = comparator[sign] || comparator['>='];","        for (var i = 1; i < array.length; i++) {","            if (!predicate(array[i], array[i - 1])) {","                return false;","            }","        }","        return true;","    };","","    // API","    // Set 'not', 'all' and 'any' interfaces to methods based on their api property","    /* -------------------------------------------------------------------------- */","","    function setInterfaces() {","        var options = is;","        for (var option in options) {","            if (hasOwnProperty.call(options, option) && is['function'](options[option])) {","                var interfaces = options[option].api || ['not', 'all', 'any'];","                for (var i = 0; i < interfaces.length; i++) {","                    if (interfaces[i] === 'not') {","                        is.not[option] = not(is[option]);","                    }","                    if (interfaces[i] === 'all') {","                        is.all[option] = all(is[option]);","                    }","                    if (interfaces[i] === 'any') {","                        is.any[option] = any(is[option]);","                    }","                }","            }","        }","    }","    setInterfaces();","","    // Configuration methods","    // Intentionally added after setInterfaces function","    /* -------------------------------------------------------------------------- */","","    // change namespace of library to prevent name collisions","    // var preferredName = is.setNamespace();","    // preferredName.odd(3);","    // => true","    is.setNamespace = function() {","        root.is = previousIs;","        return this;","    };","","    // set optional regexes to methods","    is.setRegexp = function(regexp, name) {","        for (var r in regexes) {","            if (hasOwnProperty.call(regexes, r) && (name === r)) {","                regexes[r] = regexp;","            }","        }","    };","","    return is;","}));",""],"l":{"7":1,"8":1,"10":0,"14":0,"16":1,"20":1,"23":0,"31":1,"32":1,"35":1,"36":1,"37":1,"40":1,"41":1,"42":1,"45":1,"46":113,"47":0,"52":1,"53":68,"54":0,"55":0,"56":0,"57":0,"58":0,"61":0,"66":1,"67":68,"68":0,"69":0,"70":0,"71":0,"72":0,"75":0,"80":1,"81":0,"82":0,"83":0,"84":0,"88":1,"89":0,"90":0,"91":0,"92":0,"96":1,"97":0,"98":0,"99":0,"100":0,"102":0,"109":1,"110":0,"115":1,"116":0,"120":1,"121":0,"125":1,"126":0,"130":1,"131":0,"135":1,"136":0,"140":1,"141":0,"145":1,"146":114,"150":1,"151":0,"155":1,"156":0,"160":1,"161":0,"165":1,"166":0,"170":1,"171":0,"175":1,"176":0,"181":1,"182":0,"183":0,"184":0,"186":0,"187":0,"189":0,"192":1,"195":1,"196":0,"200":1,"201":0,"206":1,"207":3,"214":1,"215":0,"216":0,"217":0,"219":0,"221":0,"223":0,"227":1,"228":0,"232":1,"233":0,"237":1,"243":1,"244":0,"247":1,"250":1,"251":0,"256":1,"258":0,"259":0,"262":0,"263":0,"265":0,"266":0,"268":0,"271":1,"274":1,"275":0,"279":1,"280":0,"284":1,"285":0,"289":1,"290":0,"294":1,"295":0,"299":1,"300":0,"304":1,"305":0,"309":1,"310":0,"313":1,"316":1,"317":0,"320":1,"331":1,"351":1,"352":17,"353":0,"358":1,"359":17,"360":17,"365":1,"366":0,"373":1,"374":0,"375":0,"377":0,"378":0,"379":0,"380":0,"381":0,"382":0,"383":0,"387":0,"391":1,"392":0,"393":0,"395":0,"396":0,"397":0,"400":1,"403":1,"404":0,"407":1,"410":1,"411":0,"415":1,"416":0,"417":0,"419":0,"420":0,"421":0,"422":0,"423":0,"426":0,"431":1,"432":0,"433":0,"435":0,"436":0,"440":1,"441":0,"444":1,"447":1,"448":0,"454":1,"455":1,"458":1,"459":0,"462":1,"465":1,"466":0,"467":0,"468":0,"469":0,"473":1,"474":0,"475":0,"479":1,"480":0,"481":0,"483":0,"484":0,"487":1,"490":1,"491":0,"495":1,"496":0,"500":1,"501":0,"505":1,"506":0,"510":1,"511":0,"515":1,"516":0,"520":1,"521":0,"525":1,"526":0,"529":1,"532":1,"533":0,"534":0,"538":1,"539":0,"542":1,"545":1,"546":0,"547":0,"548":0,"552":1,"553":0,"554":0,"555":0,"560":1,"561":0,"565":1,"568":1,"569":0,"572":1,"575":1,"576":0,"577":0,"578":0,"584":1,"585":1,"586":1,"587":1,"589":1,"590":1,"593":1,"594":1,"595":1,"596":1,"599":1,"600":0,"603":1,"606":1,"607":0,"610":1,"613":1,"614":0,"617":1,"620":1,"621":0,"624":1,"628":1,"629":0,"630":0,"633":1,"636":1,"637":0,"640":1,"644":1,"645":0,"646":0,"649":1,"653":1,"654":0,"655":0,"658":1,"662":1,"663":0,"664":0,"667":1,"670":1,"671":0,"674":1,"678":1,"679":0,"680":0,"683":1,"687":1,"689":0,"690":0,"693":1,"697":1,"698":0,"699":0,"702":1,"705":1,"706":0,"709":1,"712":1,"713":0,"716":1,"719":1,"720":0,"723":1,"726":1,"728":1,"731":1,"732":0,"735":1,"739":1,"740":0,"741":0,"744":1,"748":1,"749":0,"750":0,"753":1,"757":1,"758":0,"759":0,"762":1,"765":1,"766":0,"769":1,"772":1,"773":0,"777":1,"780":1,"781":0,"784":1,"787":1,"788":0,"791":1,"794":1,"795":0,"798":1,"804":1,"805":0,"806":0,"808":0,"809":0,"810":0,"811":0,"814":0,"817":1,"820":1,"821":0,"824":1,"830":1,"831":0,"832":0,"834":0,"835":0,"836":0,"839":0,"842":1,"845":1,"846":0,"847":0,"849":0,"850":0,"851":0,"852":0,"855":0,"862":1,"863":1,"864":1,"865":114,"866":110,"867":110,"868":246,"869":110,"871":246,"872":68,"874":246,"875":68,"881":1,"891":1,"892":0,"893":0,"897":1,"898":0,"899":0,"900":0,"905":1}}}